::1 - - [09/May/2022:19:40:51 +0000] "GET /api/v1/wallets/list HTTP/1.1" 200 1003 "-" "PostmanRuntime/7.29.0"
::1 - - [09/May/2022:19:46:24 +0000] "POST /api/v1/transactions/list/charge HTTP/1.1" 200 3177 "-" "PostmanRuntime/7.29.0"
::1 - - [09/May/2022:19:46:36 +0000] "POST /api/v1/transactions/charge HTTP/1.1" 500 133 "-" "PostmanRuntime/7.29.0"
::1 - - [09/May/2022:19:46:49 +0000] "POST /api/v1/wallets/login HTTP/1.1" 200 602 "-" "PostmanRuntime/7.29.0"
::1 - - [09/May/2022:19:46:56 +0000] "POST /api/v1/transactions/charge HTTP/1.1" 500 133 "-" "PostmanRuntime/7.29.0"
::1 - - [09/May/2022:19:47:18 +0000] "POST /api/v1/transactions/charge HTTP/1.1" 500 133 "-" "PostmanRuntime/7.29.0"
::1 - - [09/May/2022:19:47:24 +0000] "POST /api/v1/transactions/charge HTTP/1.1" 500 133 "-" "PostmanRuntime/7.29.0"
::1 - - [09/May/2022:19:47:45 +0000] "POST /api/v1/transactions/charge HTTP/1.1" 400 119 "-" "PostmanRuntime/7.29.0"
::1 - - [09/May/2022:19:47:55 +0000] "POST /api/v1/transactions/charge HTTP/1.1" 400 119 "-" "PostmanRuntime/7.29.0"
::1 - - [09/May/2022:19:48:41 +0000] "POST /api/v1/transactions/charge HTTP/1.1" 500 133 "-" "PostmanRuntime/7.29.0"
::1 - - [09/May/2022:19:48:55 +0000] "POST /api/v1/transactions/charge HTTP/1.1" 500 133 "-" "PostmanRuntime/7.29.0"
::1 - - [09/May/2022:19:48:57 +0000] "POST /api/v1/transactions/charge HTTP/1.1" 500 133 "-" "PostmanRuntime/7.29.0"
::1 - - [09/May/2022:19:49:07 +0000] "POST /api/v1/transactions/charge HTTP/1.1" 500 133 "-" "PostmanRuntime/7.29.0"
::1 - - [09/May/2022:19:49:09 +0000] "POST /api/v1/transactions/charge HTTP/1.1" 500 133 "-" "PostmanRuntime/7.29.0"
::1 - - [09/May/2022:19:49:11 +0000] "POST /api/v1/transactions/charge HTTP/1.1" 500 133 "-" "PostmanRuntime/7.29.0"
::1 - - [09/May/2022:19:49:23 +0000] "POST /api/v1/transactions/charge HTTP/1.1" 500 133 "-" "PostmanRuntime/7.29.0"
::1 - - [09/May/2022:19:49:25 +0000] "POST /api/v1/transactions/charge HTTP/1.1" 500 133 "-" "PostmanRuntime/7.29.0"
::1 - - [09/May/2022:19:49:27 +0000] "POST /api/v1/transactions/charge HTTP/1.1" 500 133 "-" "PostmanRuntime/7.29.0"
::1 - - [09/May/2022:19:49:35 +0000] "POST /api/v1/transactions/charge HTTP/1.1" 500 133 "-" "PostmanRuntime/7.29.0"
::1 - - [09/May/2022:19:49:36 +0000] "POST /api/v1/transactions/charge HTTP/1.1" 500 133 "-" "PostmanRuntime/7.29.0"
::1 - - [09/May/2022:19:49:47 +0000] "POST /api/v1/transactions/charge HTTP/1.1" 400 119 "-" "PostmanRuntime/7.29.0"
::1 - - [09/May/2022:19:50:04 +0000] "POST /api/v1/transactions/charge HTTP/1.1" 400 119 "-" "PostmanRuntime/7.29.0"
::1 - - [09/May/2022:19:50:13 +0000] "POST /api/v1/transactions/charge HTTP/1.1" 400 119 "-" "PostmanRuntime/7.29.0"
::1 - - [09/May/2022:19:50:38 +0000] "POST /api/v1/transactions/charge HTTP/1.1" 500 133 "-" "PostmanRuntime/7.29.0"
::1 - - [09/May/2022:19:50:39 +0000] "POST /api/v1/transactions/charge HTTP/1.1" 500 133 "-" "PostmanRuntime/7.29.0"
::1 - - [09/May/2022:19:50:45 +0000] "POST /api/v1/transactions/charge HTTP/1.1" 500 133 "-" "PostmanRuntime/7.29.0"
::1 - - [09/May/2022:19:51:10 +0000] "POST /api/v1/transactions/charge HTTP/1.1" 500 133 "-" "PostmanRuntime/7.29.0"
::1 - - [09/May/2022:19:51:11 +0000] "POST /api/v1/transactions/charge HTTP/1.1" 500 133 "-" "PostmanRuntime/7.29.0"
::1 - - [09/May/2022:19:51:34 +0000] "POST /api/v1/transactions/charge HTTP/1.1" 400 119 "-" "PostmanRuntime/7.29.0"
::1 - - [09/May/2022:19:51:38 +0000] "POST /api/v1/transactions/charge HTTP/1.1" 400 119 "-" "PostmanRuntime/7.29.0"
::1 - - [09/May/2022:19:52:00 +0000] "POST /api/v1/transactions/charge HTTP/1.1" 500 133 "-" "PostmanRuntime/7.29.0"
::1 - - [09/May/2022:19:52:02 +0000] "POST /api/v1/transactions/charge HTTP/1.1" 500 133 "-" "PostmanRuntime/7.29.0"
::1 - - [09/May/2022:19:52:09 +0000] "POST /api/v1/transactions/charge HTTP/1.1" 500 133 "-" "PostmanRuntime/7.29.0"
::1 - - [09/May/2022:19:52:10 +0000] "POST /api/v1/transactions/charge HTTP/1.1" 500 133 "-" "PostmanRuntime/7.29.0"
::1 - - [09/May/2022:19:52:11 +0000] "POST /api/v1/transactions/charge HTTP/1.1" 500 133 "-" "PostmanRuntime/7.29.0"
::1 - - [09/May/2022:19:52:17 +0000] "POST /api/v1/transactions/charge HTTP/1.1" 400 119 "-" "PostmanRuntime/7.29.0"
::1 - - [09/May/2022:19:52:18 +0000] "POST /api/v1/transactions/charge HTTP/1.1" 400 119 "-" "PostmanRuntime/7.29.0"
::1 - - [09/May/2022:19:52:36 +0000] "POST /api/v1/transactions/charge HTTP/1.1" 500 199 "-" "PostmanRuntime/7.29.0"
::1 - - [09/May/2022:19:52:40 +0000] "POST /api/v1/transactions/charge HTTP/1.1" 500 199 "-" "PostmanRuntime/7.29.0"
::1 - - [09/May/2022:19:52:43 +0000] "POST /api/v1/transactions/charge HTTP/1.1" 500 199 "-" "PostmanRuntime/7.29.0"
::1 - - [10/May/2022:05:53:34 +0000] "POST /api/v1/transactions/charge HTTP/1.1" 500 199 "-" "PostmanRuntime/7.29.0"
::1 - - [10/May/2022:05:53:48 +0000] "POST /api/v1/wallets/login HTTP/1.1" 200 606 "-" "PostmanRuntime/7.29.0"
::1 - - [10/May/2022:05:54:05 +0000] "POST /api/v1/transactions/charge HTTP/1.1" 403 131 "-" "PostmanRuntime/7.29.0"
::1 - - [10/May/2022:05:54:13 +0000] "POST /api/v1/transactions/charge HTTP/1.1" 403 131 "-" "PostmanRuntime/7.29.0"
::1 - - [10/May/2022:05:54:44 +0000] "POST /api/v1/transactions/charge HTTP/1.1" 403 131 "-" "PostmanRuntime/7.29.0"
::1 - - [10/May/2022:05:55:15 +0000] "POST /api/v1/transactions/purchase HTTP/1.1" 400 119 "-" "PostmanRuntime/7.29.0"
::1 - - [10/May/2022:05:55:23 +0000] "POST /api/v1/transactions/purchase HTTP/1.1" 201 75 "-" "PostmanRuntime/7.29.0"
::1 - - [10/May/2022:05:55:37 +0000] "POST /api/v1/transactions/purchase HTTP/1.1" 201 75 "-" "PostmanRuntime/7.29.0"
::1 - - [10/May/2022:05:56:08 +0000] "POST /api/v1/transactions/purchase HTTP/1.1" 201 75 "-" "PostmanRuntime/7.29.0"
::1 - - [10/May/2022:05:56:20 +0000] "POST /api/v1/transactions/purchase HTTP/1.1" 201 75 "-" "PostmanRuntime/7.29.0"
::1 - - [10/May/2022:05:56:39 +0000] "POST /api/v1/transactions/purchase HTTP/1.1" 201 75 "-" "PostmanRuntime/7.29.0"
::1 - - [10/May/2022:05:57:42 +0000] "POST /api/v1/transactions/purchase HTTP/1.1" 201 75 "-" "PostmanRuntime/7.29.0"
::1 - - [10/May/2022:05:57:45 +0000] "POST /api/v1/transactions/purchase HTTP/1.1" 201 75 "-" "PostmanRuntime/7.29.0"
::1 - - [10/May/2022:06:00:00 +0000] "POST /api/v1/transactions/purchase HTTP/1.1" 201 75 "-" "PostmanRuntime/7.29.0"
::1 - - [10/May/2022:07:59:55 +0000] "POST /api/v1/wallets/forgot-password HTTP/1.1" 400 138 "-" "PostmanRuntime/7.29.0"
::1 - - [10/May/2022:08:00:53 +0000] "POST /api/v1/wallets/forgot-password HTTP/1.1" 500 93 "-" "PostmanRuntime/7.29.0"
::1 - - [10/May/2022:08:01:45 +0000] "POST /api/v1/wallets/forgot-password HTTP/1.1" 500 93 "-" "PostmanRuntime/7.29.0"
::1 - - [10/May/2022:08:02:22 +0000] "POST /api/v1/wallets/forgot-password HTTP/1.1" 500 93 "-" "PostmanRuntime/7.29.0"
::1 - - [10/May/2022:08:02:24 +0000] "POST /api/v1/wallets/forgot-password HTTP/1.1" 500 93 "-" "PostmanRuntime/7.29.0"
::1 - - [10/May/2022:08:02:32 +0000] "POST /api/v1/wallets/forgot-password HTTP/1.1" 400 121 "-" "PostmanRuntime/7.29.0"
::1 - - [10/May/2022:08:02:34 +0000] "POST /api/v1/wallets/forgot-password HTTP/1.1" 400 121 "-" "PostmanRuntime/7.29.0"
::1 - - [10/May/2022:08:02:40 +0000] "POST /api/v1/wallets/forgot-password HTTP/1.1" 400 121 "-" "PostmanRuntime/7.29.0"
::1 - - [10/May/2022:08:02:50 +0000] "POST /api/v1/wallets/forgot-password HTTP/1.1" 500 93 "-" "PostmanRuntime/7.29.0"
::1 - - [10/May/2022:08:02:52 +0000] "POST /api/v1/wallets/forgot-password HTTP/1.1" 500 93 "-" "PostmanRuntime/7.29.0"
::1 - - [10/May/2022:08:03:24 +0000] "POST /api/v1/wallets/forgot-password HTTP/1.1" 500 93 "-" "PostmanRuntime/7.29.0"
::1 - - [10/May/2022:08:04:36 +0000] "POST /api/v1/wallets/forgot-password HTTP/1.1" 500 93 "-" "PostmanRuntime/7.29.0"
::1 - - [10/May/2022:08:04:39 +0000] "POST /api/v1/wallets/forgot-password HTTP/1.1" 500 93 "-" "PostmanRuntime/7.29.0"
::1 - - [10/May/2022:08:05:13 +0000] "GET /api/v1/wallets/forgot-password HTTP/1.1" 401 138 "-" "PostmanRuntime/7.29.0"
::1 - - [10/May/2022:08:05:15 +0000] "GET /api/v1/wallets/forgot-password HTTP/1.1" 401 138 "-" "PostmanRuntime/7.29.0"
::1 - - [10/May/2022:08:05:26 +0000] "POST /api/v1/wallets/forgot-password HTTP/1.1" 500 93 "-" "PostmanRuntime/7.29.0"
::1 - - [10/May/2022:08:05:28 +0000] "POST /api/v1/wallets/forgot-password HTTP/1.1" 500 93 "-" "PostmanRuntime/7.29.0"
::1 - - [10/May/2022:08:05:30 +0000] "GET /api/v1/wallets/forgot-password HTTP/1.1" 401 138 "-" "PostmanRuntime/7.29.0"
::1 - - [10/May/2022:08:05:31 +0000] "GET /api/v1/wallets/forgot-password HTTP/1.1" 401 138 "-" "PostmanRuntime/7.29.0"
::1 - - [10/May/2022:08:05:32 +0000] "GET /api/v1/wallets/forgot-password HTTP/1.1" 401 138 "-" "PostmanRuntime/7.29.0"
::1 - - [10/May/2022:08:05:36 +0000] "POST /api/v1/wallets/forgot-password HTTP/1.1" 500 93 "-" "PostmanRuntime/7.29.0"
::1 - - [10/May/2022:08:05:47 +0000] "POST /api/v1/wallets/forgot-password HTTP/1.1" 500 93 "-" "PostmanRuntime/7.29.0"
::1 - - [10/May/2022:08:06:13 +0000] "POST /api/v1/wallets/forgot-password HTTP/1.1" 500 93 "-" "PostmanRuntime/7.29.0"
::1 - - [10/May/2022:08:07:21 +0000] "POST /api/v1/wallets/forgot-password HTTP/1.1" 500 93 "-" "PostmanRuntime/7.29.0"
::1 - - [10/May/2022:08:52:21 +0000] "POST /api/v1/wallets/forgot-password HTTP/1.1" 500 93 "-" "PostmanRuntime/7.29.0"
::1 - - [10/May/2022:08:53:02 +0000] "POST /api/v1/wallets/forgot-password HTTP/1.1" 500 70 "-" "PostmanRuntime/7.29.0"
::1 - - [10/May/2022:08:53:11 +0000] "POST /api/v1/wallets/forgot-password HTTP/1.1" 500 64 "-" "PostmanRuntime/7.29.0"
::1 - - [10/May/2022:08:53:45 +0000] "POST /api/v1/wallets/forgot-password HTTP/1.1" 500 64 "-" "PostmanRuntime/7.29.0"
::1 - - [10/May/2022:08:53:46 +0000] "POST /api/v1/wallets/forgot-password HTTP/1.1" 500 64 "-" "PostmanRuntime/7.29.0"
::1 - - [10/May/2022:08:54:27 +0000] "POST /api/v1/wallets/forgot-password HTTP/1.1" 500 64 "-" "PostmanRuntime/7.29.0"
::1 - - [10/May/2022:08:57:13 +0000] "POST /api/v1/wallets/forgot-password HTTP/1.1" 500 64 "-" "PostmanRuntime/7.29.0"
::1 - - [10/May/2022:08:59:41 +0000] "POST /api/v1/wallets/forgot-password HTTP/1.1" 500 64 "-" "PostmanRuntime/7.29.0"
::1 - - [10/May/2022:09:00:19 +0000] "POST /api/v1/forgot-password HTTP/1.1" 404 162 "-" "PostmanRuntime/7.29.0"
::1 - - [10/May/2022:09:00:30 +0000] "POST /api/v1/users/forgot-password HTTP/1.1" 404 168 "-" "PostmanRuntime/7.29.0"
::1 - - [10/May/2022:09:00:31 +0000] "POST /api/v1/users/forgot-password HTTP/1.1" 404 168 "-" "PostmanRuntime/7.29.0"
::1 - - [10/May/2022:09:01:03 +0000] "POST /api/v1/users/forgot-password HTTP/1.1" 404 168 "-" "PostmanRuntime/7.29.0"
::1 - - [10/May/2022:09:01:04 +0000] "POST /api/v1/users/forgot-password HTTP/1.1" 404 168 "-" "PostmanRuntime/7.29.0"
::1 - - [10/May/2022:09:02:02 +0000] "POST /api/v1/wallets/forgot-password HTTP/1.1" 500 64 "-" "PostmanRuntime/7.29.0"
::1 - - [10/May/2022:09:02:03 +0000] "POST /api/v1/wallets/forgot-password HTTP/1.1" 500 64 "-" "PostmanRuntime/7.29.0"
::1 - - [10/May/2022:09:03:04 +0000] "POST /api/v1/wallets/forgot-password HTTP/1.1" 500 64 "-" "PostmanRuntime/7.29.0"
::1 - - [10/May/2022:09:11:22 +0000] "POST /api/v1/wallets/forgot-password HTTP/1.1" 500 64 "-" "PostmanRuntime/7.29.0"
::1 - - [10/May/2022:09:57:32 +0000] "POST /api/v1/wallets/forgot-password HTTP/1.1" 500 64 "-" "PostmanRuntime/7.29.0"
::1 - - [10/May/2022:09:57:33 +0000] "POST /api/v1/wallets/forgot-password HTTP/1.1" 500 64 "-" "PostmanRuntime/7.29.0"
::1 - - [10/May/2022:09:58:51 +0000] "POST /api/v1/wallets/forgot-password HTTP/1.1" 500 64 "-" "PostmanRuntime/7.29.0"
::1 - - [10/May/2022:09:58:56 +0000] "GET /api/v1/wallets/list HTTP/1.1" 401 138 "-" "PostmanRuntime/7.29.0"
::1 - - [10/May/2022:09:59:39 +0000] "POST /api/v1/wallets/forgot-password HTTP/1.1" 500 64 "-" "PostmanRuntime/7.29.0"
::1 - - [10/May/2022:10:02:35 +0000] "POST /api/v1/wallets/forgot-password HTTP/1.1" 500 64 "-" "PostmanRuntime/7.29.0"
::1 - - [10/May/2022:10:02:37 +0000] "POST /api/v1/wallets/forgot-password HTTP/1.1" 500 64 "-" "PostmanRuntime/7.29.0"
::1 - - [10/May/2022:10:02:50 +0000] "POST /api/v1/wallets/forgot-password HTTP/1.1" 500 64 "-" "PostmanRuntime/7.29.0"
::1 - - [10/May/2022:10:02:51 +0000] "POST /api/v1/wallets/forgot-password HTTP/1.1" 500 64 "-" "PostmanRuntime/7.29.0"
::1 - - [10/May/2022:10:03:00 +0000] "POST /api/v1/wallets/forgot-password HTTP/1.1" 500 64 "-" "PostmanRuntime/7.29.0"
::1 - - [10/May/2022:10:03:56 +0000] "POST /api/v1/wallets/forgot-password HTTP/1.1" 500 64 "-" "PostmanRuntime/7.29.0"
::1 - - [10/May/2022:10:05:04 +0000] "POST /api/v1/wallets/forgot-password HTTP/1.1" 200 71 "-" "PostmanRuntime/7.29.0"
::1 - - [10/May/2022:10:11:53 +0000] "POST /api/v1/wallets/forgot-password HTTP/1.1" 200 35 "-" "PostmanRuntime/7.29.0"
::1 - - [10/May/2022:10:12:01 +0000] "POST /api/v1/wallets/forgot-password HTTP/1.1" 200 35 "-" "PostmanRuntime/7.29.0"
::1 - - [10/May/2022:10:12:57 +0000] "POST /api/v1/wallets/forgot-password HTTP/1.1" 200 71 "-" "PostmanRuntime/7.29.0"
::1 - - [10/May/2022:10:13:31 +0000] "POST /api/v1/wallets/forgot-password HTTP/1.1" 200 71 "-" "PostmanRuntime/7.29.0"
::1 - - [10/May/2022:10:14:47 +0000] "POST /api/v1/wallets/forgot-password HTTP/1.1" 200 71 "-" "PostmanRuntime/7.29.0"
::1 - - [10/May/2022:10:18:27 +0000] "POST /api/v1/wallets/forgot-password HTTP/1.1" 500 71 "-" "PostmanRuntime/7.29.0"
::1 - - [10/May/2022:10:18:52 +0000] "POST /api/v1/wallets/forgot-password HTTP/1.1" 500 65 "-" "PostmanRuntime/7.29.0"
::1 - - [10/May/2022:10:18:54 +0000] "POST /api/v1/wallets/forgot-password HTTP/1.1" 500 65 "-" "PostmanRuntime/7.29.0"
::1 - - [10/May/2022:10:19:55 +0000] "POST /api/v1/wallets/forgot-password HTTP/1.1" 500 61 "-" "PostmanRuntime/7.29.0"
::1 - - [10/May/2022:10:19:56 +0000] "POST /api/v1/wallets/forgot-password HTTP/1.1" 500 61 "-" "PostmanRuntime/7.29.0"
::1 - - [10/May/2022:10:20:10 +0000] "POST /api/v1/wallets/forgot-password HTTP/1.1" 200 35 "-" "PostmanRuntime/7.29.0"
::1 - - [10/May/2022:10:20:15 +0000] "POST /api/v1/wallets/forgot-password HTTP/1.1" 200 35 "-" "PostmanRuntime/7.29.0"
::1 - - [10/May/2022:10:20:19 +0000] "POST /api/v1/wallets/forgot-password HTTP/1.1" 200 35 "-" "PostmanRuntime/7.29.0"
::1 - - [10/May/2022:10:21:11 +0000] "POST /api/v1/wallets/forgot-password HTTP/1.1" 200 35 "-" "PostmanRuntime/7.29.0"
::1 - - [10/May/2022:10:21:17 +0000] "POST /api/v1/wallets/forgot-password HTTP/1.1" 200 35 "-" "PostmanRuntime/7.29.0"
::1 - - [10/May/2022:10:54:58 +0000] "POST /api/v1/wallets/login HTTP/1.1" 200 609 "-" "PostmanRuntime/7.29.0"
::1 - - [10/May/2022:10:55:03 +0000] "POST /api/v1/wallets/login HTTP/1.1" 200 695 "-" "PostmanRuntime/7.29.0"
::1 - - [10/May/2022:10:55:09 +0000] "POST /api/v1/forgot-password HTTP/1.1" 404 162 "-" "PostmanRuntime/7.29.0"
::1 - - [10/May/2022:10:55:10 +0000] "POST /api/v1/forgot-password HTTP/1.1" 404 162 "-" "PostmanRuntime/7.29.0"
::1 - - [10/May/2022:10:55:20 +0000] "POST /api/v1/transactions/PURCASE HTTP/1.1" 404 167 "-" "PostmanRuntime/7.29.0"
::1 - - [10/May/2022:10:55:31 +0000] "POST /api/v1/transactions/purchase HTTP/1.1" 403 132 "-" "PostmanRuntime/7.29.0"
::1 - - [10/May/2022:10:55:40 +0000] "POST /api/v1/transactions/purchase HTTP/1.1" 403 132 "-" "PostmanRuntime/7.29.0"
::1 - - [10/May/2022:10:55:53 +0000] "POST /api/v1/transactions/purchase HTTP/1.1" 403 132 "-" "PostmanRuntime/7.29.0"
::1 - - [10/May/2022:10:56:10 +0000] "POST /api/v1/transactions/purchase HTTP/1.1" 500 210 "-" "PostmanRuntime/7.29.0"
::1 - - [10/May/2022:10:56:40 +0000] "GET /api/v1/wallets/list HTTP/1.1" 401 138 "-" "PostmanRuntime/7.29.0"
::1 - - [10/May/2022:10:56:43 +0000] "POST /api/v1/wallets/login HTTP/1.1" 200 695 "-" "PostmanRuntime/7.29.0"
::1 - - [10/May/2022:10:56:46 +0000] "POST /api/v1/transactions/purchase HTTP/1.1" 500 210 "-" "PostmanRuntime/7.29.0"
::1 - - [10/May/2022:10:57:04 +0000] "POST /api/v1/transactions/purchase HTTP/1.1" 201 75 "-" "PostmanRuntime/7.29.0"
::1 - - [10/May/2022:10:59:38 +0000] "POST /api/v1/transactions/charge HTTP/1.1" 201 66 "-" "PostmanRuntime/7.29.0"
::1 - - [10/May/2022:11:00:21 +0000] "POST /api/v1/transactions/giftcardcharge HTTP/1.1" 201 66 "-" "PostmanRuntime/7.29.0"
::1 - - [10/May/2022:11:01:00 +0000] "POST /api/v1/transactions/giftcardcharge HTTP/1.1" 201 66 "-" "PostmanRuntime/7.29.0"
::1 - - [10/May/2022:11:07:08 +0000] "POST /api/v1/transactions/giftcardcharge HTTP/1.1" 201 66 "-" "PostmanRuntime/7.29.0"
::1 - - [10/May/2022:11:07:25 +0000] "POST /api/v1/transactions/giftcardcharge HTTP/1.1" 201 75 "-" "PostmanRuntime/7.29.0"
::1 - - [10/May/2022:11:17:34 +0000] "POST /api/v1/transactions/giftcardcharge HTTP/1.1" 500 215 "-" "PostmanRuntime/7.29.0"
::1 - - [10/May/2022:11:17:41 +0000] "POST /api/v1/transactions/giftcardcharge HTTP/1.1" 201 75 "-" "PostmanRuntime/7.29.0"
::1 - - [10/May/2022:11:21:11 +0000] "POST /api/v1/transactions/giftcardcharge HTTP/1.1" 201 75 "-" "PostmanRuntime/7.29.0"
::1 - - [10/May/2022:11:23:03 +0000] "POST /api/v1/transactions/purchase HTTP/1.1" 201 75 "-" "PostmanRuntime/7.29.0"
::1 - - [10/May/2022:11:25:12 +0000] "POST /api/v1/transactions/purchase HTTP/1.1" 500 210 "-" "PostmanRuntime/7.29.0"
::1 - - [10/May/2022:11:25:42 +0000] "POST /api/v1/wallets/login HTTP/1.1" 200 611 "-" "PostmanRuntime/7.29.0"
::1 - - [10/May/2022:11:26:05 +0000] "POST /api/v1/transactions/purchase HTTP/1.1" 500 210 "-" "PostmanRuntime/7.29.0"
::1 - - [10/May/2022:11:26:08 +0000] "POST /api/v1/transactions/purchase HTTP/1.1" 500 210 "-" "PostmanRuntime/7.29.0"
::1 - - [10/May/2022:11:26:09 +0000] "POST /api/v1/transactions/purchase HTTP/1.1" 500 210 "-" "PostmanRuntime/7.29.0"
::1 - - [10/May/2022:11:26:19 +0000] "POST /api/v1/wallets/login HTTP/1.1" 200 611 "-" "PostmanRuntime/7.29.0"
::1 - - [10/May/2022:11:26:23 +0000] "POST /api/v1/transactions/purchase HTTP/1.1" 500 210 "-" "PostmanRuntime/7.29.0"
::1 - - [10/May/2022:11:26:25 +0000] "POST /api/v1/transactions/purchase HTTP/1.1" 500 210 "-" "PostmanRuntime/7.29.0"
::1 - - [10/May/2022:11:26:39 +0000] "POST /api/v1/transactions/purchase HTTP/1.1" 500 210 "-" "PostmanRuntime/7.29.0"
::1 - - [10/May/2022:11:26:43 +0000] "POST /api/v1/transactions/purchase HTTP/1.1" 500 210 "-" "PostmanRuntime/7.29.0"
::1 - - [10/May/2022:11:26:56 +0000] "POST /api/v1/transactions/purchase HTTP/1.1" 500 210 "-" "PostmanRuntime/7.29.0"
::1 - - [10/May/2022:11:27:04 +0000] "POST /api/v1/transactions/purchase HTTP/1.1" 500 210 "-" "PostmanRuntime/7.29.0"
::1 - - [10/May/2022:11:27:20 +0000] "POST /api/v1/transactions/purchase HTTP/1.1" 201 75 "-" "PostmanRuntime/7.29.0"
::1 - - [10/May/2022:11:27:29 +0000] "POST /api/v1/transactions/purchase HTTP/1.1" 201 75 "-" "PostmanRuntime/7.29.0"
::1 - - [10/May/2022:11:28:30 +0000] "POST /api/v1/transactions/purchase HTTP/1.1" 500 133 "-" "PostmanRuntime/7.29.0"
::1 - - [10/May/2022:11:28:32 +0000] "POST /api/v1/transactions/purchase HTTP/1.1" 500 133 "-" "PostmanRuntime/7.29.0"
::1 - - [10/May/2022:11:29:05 +0000] "POST /api/v1/transactions/purchase HTTP/1.1" 500 133 "-" "PostmanRuntime/7.29.0"
::1 - - [10/May/2022:11:29:39 +0000] "POST /api/v1/transactions/purchase HTTP/1.1" 500 215 "-" "PostmanRuntime/7.29.0"
::1 - - [10/May/2022:11:29:42 +0000] "POST /api/v1/transactions/purchase HTTP/1.1" 500 214 "-" "PostmanRuntime/7.29.0"
::1 - - [10/May/2022:11:29:44 +0000] "POST /api/v1/transactions/purchase HTTP/1.1" 201 75 "-" "PostmanRuntime/7.29.0"
::1 - - [10/May/2022:11:29:46 +0000] "POST /api/v1/transactions/purchase HTTP/1.1" 201 75 "-" "PostmanRuntime/7.29.0"
::1 - - [10/May/2022:11:29:48 +0000] "POST /api/v1/transactions/purchase HTTP/1.1" 500 214 "-" "PostmanRuntime/7.29.0"
::1 - - [10/May/2022:11:29:56 +0000] "POST /api/v1/transactions/purchase HTTP/1.1" 201 75 "-" "PostmanRuntime/7.29.0"
::1 - - [10/May/2022:11:29:58 +0000] "POST /api/v1/transactions/purchase HTTP/1.1" 500 214 "-" "PostmanRuntime/7.29.0"
::1 - - [10/May/2022:11:30:01 +0000] "POST /api/v1/transactions/purchase HTTP/1.1" 500 214 "-" "PostmanRuntime/7.29.0"
::1 - - [10/May/2022:11:30:29 +0000] "POST /api/v1/transactions/purchase HTTP/1.1" 201 75 "-" "PostmanRuntime/7.29.0"
::1 - - [10/May/2022:11:30:31 +0000] "POST /api/v1/transactions/purchase HTTP/1.1" 201 75 "-" "PostmanRuntime/7.29.0"
::1 - - [10/May/2022:11:30:32 +0000] "POST /api/v1/transactions/purchase HTTP/1.1" 201 75 "-" "PostmanRuntime/7.29.0"
::1 - - [10/May/2022:11:30:35 +0000] "POST /api/v1/transactions/purchase HTTP/1.1" 201 75 "-" "PostmanRuntime/7.29.0"
::1 - - [10/May/2022:11:31:44 +0000] "POST /api/v1/transactions/purchase HTTP/1.1" 201 75 "-" "PostmanRuntime/7.29.0"
::1 - - [10/May/2022:11:31:49 +0000] "POST /api/v1/transactions/purchase HTTP/1.1" 201 75 "-" "PostmanRuntime/7.29.0"
::1 - - [10/May/2022:11:31:54 +0000] "POST /api/v1/transactions/purchase HTTP/1.1" 201 75 "-" "PostmanRuntime/7.29.0"
::1 - - [10/May/2022:11:32:03 +0000] "POST /api/v1/transactions/purchase HTTP/1.1" 201 75 "-" "PostmanRuntime/7.29.0"
::1 - - [10/May/2022:11:32:46 +0000] "POST /api/v1/transactions/purchase HTTP/1.1" 201 75 "-" "PostmanRuntime/7.29.0"
::1 - - [10/May/2022:11:32:48 +0000] "POST /api/v1/transactions/purchase HTTP/1.1" 201 75 "-" "PostmanRuntime/7.29.0"
::1 - - [10/May/2022:11:32:54 +0000] "POST /api/v1/transactions/purchase HTTP/1.1" 201 75 "-" "PostmanRuntime/7.29.0"
::1 - - [10/May/2022:11:33:12 +0000] "POST /api/v1/transactions/purchase HTTP/1.1" 201 75 "-" "PostmanRuntime/7.29.0"
::1 - - [10/May/2022:11:33:33 +0000] "POST /api/v1/transactions/purchase HTTP/1.1" 201 75 "-" "PostmanRuntime/7.29.0"
::1 - - [10/May/2022:11:33:58 +0000] "POST /api/v1/transactions/purchase HTTP/1.1" 500 144 "-" "PostmanRuntime/7.29.0"
::1 - - [10/May/2022:11:34:00 +0000] "POST /api/v1/transactions/purchase HTTP/1.1" 500 144 "-" "PostmanRuntime/7.29.0"
::1 - - [10/May/2022:11:34:04 +0000] "POST /api/v1/transactions/purchase HTTP/1.1" 500 144 "-" "PostmanRuntime/7.29.0"
::1 - - [10/May/2022:11:34:35 +0000] "POST /api/v1/transactions/purchase HTTP/1.1" 201 75 "-" "PostmanRuntime/7.29.0"
::1 - - [10/May/2022:11:35:09 +0000] "POST /api/v1/transactions/purchase HTTP/1.1" 500 211 "-" "PostmanRuntime/7.29.0"
::1 - - [10/May/2022:11:35:36 +0000] "POST /api/v1/transactions/purchase HTTP/1.1" 500 211 "-" "PostmanRuntime/7.29.0"
::1 - - [10/May/2022:11:35:47 +0000] "POST /api/v1/transactions/purchase HTTP/1.1" 500 216 "-" "PostmanRuntime/7.29.0"
::1 - - [10/May/2022:11:35:50 +0000] "POST /api/v1/transactions/purchase HTTP/1.1" 500 215 "-" "PostmanRuntime/7.29.0"
::1 - - [10/May/2022:11:35:57 +0000] "POST /api/v1/transactions/purchase HTTP/1.1" 201 75 "-" "PostmanRuntime/7.29.0"
::1 - - [10/May/2022:11:36:02 +0000] "POST /api/v1/transactions/purchase HTTP/1.1" 500 211 "-" "PostmanRuntime/7.29.0"
::1 - - [10/May/2022:11:36:04 +0000] "POST /api/v1/transactions/purchase HTTP/1.1" 500 211 "-" "PostmanRuntime/7.29.0"
::1 - - [10/May/2022:11:36:05 +0000] "POST /api/v1/transactions/purchase HTTP/1.1" 500 211 "-" "PostmanRuntime/7.29.0"
::1 - - [10/May/2022:11:36:22 +0000] "POST /api/v1/transactions/purchase HTTP/1.1" 500 200 "-" "PostmanRuntime/7.29.0"
::1 - - [10/May/2022:11:36:43 +0000] "POST /api/v1/transactions/purchase HTTP/1.1" 500 199 "-" "PostmanRuntime/7.29.0"
::1 - - [10/May/2022:11:36:51 +0000] "POST /api/v1/transactions/purchase HTTP/1.1" 201 75 "-" "PostmanRuntime/7.29.0"
::1 - - [10/May/2022:11:37:40 +0000] "POST /api/v1/transactions/purchase HTTP/1.1" 201 75 "-" "PostmanRuntime/7.29.0"
::1 - - [10/May/2022:11:38:21 +0000] "POST /api/v1/transactions/purchase HTTP/1.1" 201 75 "-" "PostmanRuntime/7.29.0"
::1 - - [10/May/2022:11:41:59 +0000] "POST /api/v1/transactions/purchase HTTP/1.1" 500 199 "-" "PostmanRuntime/7.29.0"
::1 - - [10/May/2022:11:42:03 +0000] "POST /api/v1/transactions/purchase HTTP/1.1" 500 199 "-" "PostmanRuntime/7.29.0"
::1 - - [10/May/2022:11:42:10 +0000] "POST /api/v1/transactions/purchase HTTP/1.1" 500 199 "-" "PostmanRuntime/7.29.0"
::1 - - [10/May/2022:11:42:21 +0000] "POST /api/v1/transactions/purchase HTTP/1.1" 500 199 "-" "PostmanRuntime/7.29.0"
::1 - - [10/May/2022:11:42:58 +0000] "POST /api/v1/transactions/purchase HTTP/1.1" 500 199 "-" "PostmanRuntime/7.29.0"
::1 - - [10/May/2022:11:43:04 +0000] "POST /api/v1/transactions/purchase HTTP/1.1" 201 75 "-" "PostmanRuntime/7.29.0"
::1 - - [10/May/2022:12:06:27 +0000] "POST /api/v1/transactions/purchase HTTP/1.1" 201 75 "-" "PostmanRuntime/7.29.0"
::1 - - [10/May/2022:12:19:13 +0000] "POST /api/v1/wallets/forget-password HTTP/1.1" 404 170 "-" "PostmanRuntime/7.29.0"
::1 - - [10/May/2022:12:19:15 +0000] "POST /api/v1/wallets/forget-password HTTP/1.1" 404 170 "-" "PostmanRuntime/7.29.0"
::1 - - [10/May/2022:12:19:18 +0000] "GET /api/v1/wallets/forget-password HTTP/1.1" 403 131 "-" "PostmanRuntime/7.29.0"
::1 - - [10/May/2022:12:19:19 +0000] "GET /api/v1/wallets/forget-password HTTP/1.1" 403 131 "-" "PostmanRuntime/7.29.0"
::1 - - [10/May/2022:12:19:20 +0000] "GET /api/v1/wallets/forget-password HTTP/1.1" 403 131 "-" "PostmanRuntime/7.29.0"
::1 - - [10/May/2022:12:58:45 +0000] "GET /api/v1/wallets/forget-password HTTP/1.1" 403 131 "-" "PostmanRuntime/7.29.0"
::1 - - [10/May/2022:12:59:06 +0000] "GET /api/v1/wallets/forget-password HTTP/1.1" 403 131 "-" "PostmanRuntime/7.29.0"
::1 - - [10/May/2022:12:59:22 +0000] "GET /api/v1/wallets/forgot-password HTTP/1.1" 403 131 "-" "PostmanRuntime/7.29.0"
::1 - - [10/May/2022:12:59:27 +0000] "GET /api/v1/wallets/forgot-password HTTP/1.1" 403 131 "-" "PostmanRuntime/7.29.0"
::1 - - [10/May/2022:12:59:29 +0000] "GET /api/v1/wallets/forgot-password HTTP/1.1" 403 131 "-" "PostmanRuntime/7.29.0"
::1 - - [10/May/2022:13:00:28 +0000] "GET /api/v1/wallets/forgot-password HTTP/1.1" 403 136 "-" "PostmanRuntime/7.29.0"
::1 - - [10/May/2022:13:00:30 +0000] "GET /api/v1/wallets/forgot-password HTTP/1.1" 403 136 "-" "PostmanRuntime/7.29.0"
::1 - - [10/May/2022:13:01:01 +0000] "GET /api/v1/wallets/forgot-password HTTP/1.1" 401 138 "-" "PostmanRuntime/7.29.0"
::1 - - [10/May/2022:13:01:02 +0000] "GET /api/v1/wallets/forgot-password HTTP/1.1" 401 138 "-" "PostmanRuntime/7.29.0"
::1 - - [10/May/2022:13:01:40 +0000] "GET /api/v1/wallets/forgot-password HTTP/1.1" 401 138 "-" "PostmanRuntime/7.29.0"
::1 - - [10/May/2022:13:01:44 +0000] "POST /api/v1/wallets/forgot-password HTTP/1.1" 500 59 "-" "PostmanRuntime/7.29.0"
::1 - - [10/May/2022:13:02:27 +0000] "POST /api/v1/wallets/forgot-password HTTP/1.1" 500 59 "-" "PostmanRuntime/7.29.0"
::1 - - [10/May/2022:13:03:06 +0000] "POST /api/v1/wallets/forgot-password HTTP/1.1" 500 59 "-" "PostmanRuntime/7.29.0"
::1 - - [10/May/2022:13:03:17 +0000] "POST /api/v1/wallets/forgot-password HTTP/1.1" 200 35 "-" "PostmanRuntime/7.29.0"
::1 - - [10/May/2022:13:03:23 +0000] "POST /api/v1/wallets/forgot-password HTTP/1.1" 200 35 "-" "PostmanRuntime/7.29.0"
::1 - - [10/May/2022:13:03:25 +0000] "POST /api/v1/wallets/forgot-password HTTP/1.1" 200 35 "-" "PostmanRuntime/7.29.0"
::1 - - [10/May/2022:13:03:40 +0000] "POST /api/v1/wallets/forgot-password HTTP/1.1" 200 35 "-" "PostmanRuntime/7.29.0"
::1 - - [10/May/2022:13:03:41 +0000] "POST /api/v1/wallets/forgot-password HTTP/1.1" 200 35 "-" "PostmanRuntime/7.29.0"
::1 - - [10/May/2022:13:03:42 +0000] "POST /api/v1/wallets/forgot-password HTTP/1.1" 200 35 "-" "PostmanRuntime/7.29.0"
::1 - - [10/May/2022:13:03:43 +0000] "POST /api/v1/wallets/forgot-password HTTP/1.1" 200 35 "-" "PostmanRuntime/7.29.0"
::1 - - [10/May/2022:13:04:05 +0000] "POST /api/v1/wallets/forgot-password HTTP/1.1" 200 35 "-" "PostmanRuntime/7.29.0"
::1 - - [10/May/2022:13:04:07 +0000] "POST /api/v1/wallets/forgot-password HTTP/1.1" 200 35 "-" "PostmanRuntime/7.29.0"
::1 - - [10/May/2022:13:04:25 +0000] "POST /api/v1/wallets/forgot-password HTTP/1.1" 200 35 "-" "PostmanRuntime/7.29.0"
::1 - - [10/May/2022:13:13:52 +0000] "POST /api/v1/wallets/forgot-password HTTP/1.1" 200 35 "-" "PostmanRuntime/7.29.0"
::1 - - [10/May/2022:13:14:04 +0000] "POST /api/v1/wallets/forgot-password HTTP/1.1" 200 35 "-" "PostmanRuntime/7.29.0"
::1 - - [10/May/2022:13:14:10 +0000] "POST /api/v1/wallets/forgot-password HTTP/1.1" 200 35 "-" "PostmanRuntime/7.29.0"
::1 - - [10/May/2022:13:14:24 +0000] "POST /api/v1/wallets/forgot-password HTTP/1.1" 200 35 "-" "PostmanRuntime/7.29.0"
::1 - - [10/May/2022:13:14:48 +0000] "POST /api/v1/wallets/forgot-password HTTP/1.1" 200 35 "-" "PostmanRuntime/7.29.0"
::1 - - [10/May/2022:13:15:24 +0000] "POST /api/v1/wallets/forgot-password HTTP/1.1" 200 35 "-" "PostmanRuntime/7.29.0"
::1 - - [10/May/2022:13:15:42 +0000] "POST /api/v1/wallets/forgot-password HTTP/1.1" 200 35 "-" "PostmanRuntime/7.29.0"
::1 - - [10/May/2022:13:15:49 +0000] "POST /api/v1/wallets/forgot-password HTTP/1.1" 200 35 "-" "PostmanRuntime/7.29.0"
::1 - - [10/May/2022:13:15:53 +0000] "POST /api/v1/wallets/forgot-password HTTP/1.1" 200 35 "-" "PostmanRuntime/7.29.0"
::1 - - [10/May/2022:13:16:25 +0000] "POST /api/v1/wallets/forgot-password HTTP/1.1" 500 59 "-" "PostmanRuntime/7.29.0"
::1 - - [10/May/2022:13:16:38 +0000] "POST /api/v1/wallets/forgot-password HTTP/1.1" 500 59 "-" "PostmanRuntime/7.29.0"
::1 - - [10/May/2022:13:16:58 +0000] "POST /api/v1/wallets/forgot-password HTTP/1.1" 500 59 "-" "PostmanRuntime/7.29.0"
::1 - - [10/May/2022:13:17:05 +0000] "POST /api/v1/wallets/forgot-password HTTP/1.1" 500 59 "-" "PostmanRuntime/7.29.0"
::1 - - [10/May/2022:13:17:46 +0000] "POST /api/v1/wallets/forgot-password HTTP/1.1" 500 59 "-" "PostmanRuntime/7.29.0"
::1 - - [10/May/2022:13:17:58 +0000] "POST /api/v1/wallets/forgot-password HTTP/1.1" 500 59 "-" "PostmanRuntime/7.29.0"
::1 - - [10/May/2022:13:18:05 +0000] "POST /api/v1/wallets/forgot-password HTTP/1.1" 500 59 "-" "PostmanRuntime/7.29.0"
::1 - - [10/May/2022:13:18:07 +0000] "POST /api/v1/wallets/forgot-password HTTP/1.1" 500 59 "-" "PostmanRuntime/7.29.0"
::1 - - [10/May/2022:13:18:24 +0000] "POST /api/v1/wallets/forgot-password HTTP/1.1" 500 59 "-" "PostmanRuntime/7.29.0"
::1 - - [10/May/2022:13:18:25 +0000] "POST /api/v1/wallets/forgot-password HTTP/1.1" 500 59 "-" "PostmanRuntime/7.29.0"
::1 - - [10/May/2022:13:18:39 +0000] "POST /api/v1/wallets/forgot-password HTTP/1.1" 500 59 "-" "PostmanRuntime/7.29.0"
::1 - - [10/May/2022:13:18:45 +0000] "POST /api/v1/wallets/forgot-password HTTP/1.1" 500 59 "-" "PostmanRuntime/7.29.0"
::1 - - [10/May/2022:13:19:53 +0000] "POST /api/v1/wallets/forgot-password HTTP/1.1" 500 59 "-" "PostmanRuntime/7.29.0"
::1 - - [10/May/2022:13:20:46 +0000] "POST /api/v1/wallets/forgot-password HTTP/1.1" 500 59 "-" "PostmanRuntime/7.29.0"
::1 - - [10/May/2022:13:21:25 +0000] "POST /api/v1/wallets/forgot-password HTTP/1.1" 500 59 "-" "PostmanRuntime/7.29.0"
::1 - - [10/May/2022:13:33:58 +0000] "POST /api/v1/wallets/forgot-password HTTP/1.1" 500 59 "-" "PostmanRuntime/7.29.0"
::1 - - [10/May/2022:13:34:19 +0000] "POST /api/v1/wallets/forgot-password HTTP/1.1" 500 59 "-" "PostmanRuntime/7.29.0"
::1 - - [10/May/2022:13:34:41 +0000] "POST /api/v1/wallets/forgot-password HTTP/1.1" 500 59 "-" "PostmanRuntime/7.29.0"
::1 - - [10/May/2022:13:35:39 +0000] "POST /api/v1/wallets/forgot-password HTTP/1.1" 500 59 "-" "PostmanRuntime/7.29.0"
::1 - - [10/May/2022:13:35:56 +0000] "POST /api/v1/wallets/forgot-password HTTP/1.1" 500 59 "-" "PostmanRuntime/7.29.0"
::1 - - [10/May/2022:13:36:21 +0000] "POST /api/v1/wallets/forgot-password HTTP/1.1" 500 59 "-" "PostmanRuntime/7.29.0"
::1 - - [10/May/2022:13:36:40 +0000] "POST /api/v1/wallets/forgot-password HTTP/1.1" 500 59 "-" "PostmanRuntime/7.29.0"
::1 - - [10/May/2022:13:36:43 +0000] "POST /api/v1/wallets/forgot-password HTTP/1.1" 500 59 "-" "PostmanRuntime/7.29.0"
::1 - - [10/May/2022:13:36:53 +0000] "POST /api/v1/wallets/forgot-password HTTP/1.1" 500 59 "-" "PostmanRuntime/7.29.0"
::1 - - [10/May/2022:13:37:13 +0000] "GET /api/v1/wallets/list HTTP/1.1" 401 138 "-" "PostmanRuntime/7.29.0"
::1 - - [10/May/2022:13:38:05 +0000] "POST /api/v1/wallets/forgot-password HTTP/1.1" 500 59 "-" "PostmanRuntime/7.29.0"
::1 - - [10/May/2022:13:38:08 +0000] "POST /api/v1/wallets/forgot-password HTTP/1.1" 500 59 "-" "PostmanRuntime/7.29.0"
::1 - - [10/May/2022:13:38:22 +0000] "POST /api/v1/wallets/forgot-password HTTP/1.1" 200 35 "-" "PostmanRuntime/7.29.0"
::1 - - [10/May/2022:13:39:16 +0000] "POST /api/v1/wallets/forgot-password HTTP/1.1" 200 35 "-" "PostmanRuntime/7.29.0"
::1 - - [10/May/2022:13:39:36 +0000] "POST /api/v1/wallets/forgot-password HTTP/1.1" 200 35 "-" "PostmanRuntime/7.29.0"
::1 - - [10/May/2022:13:40:22 +0000] "POST /api/v1/wallets/forgot-password HTTP/1.1" 200 35 "-" "PostmanRuntime/7.29.0"
::1 - - [10/May/2022:13:40:59 +0000] "POST /api/v1/wallets/forgot-password HTTP/1.1" 200 35 "-" "PostmanRuntime/7.29.0"
::1 - - [10/May/2022:13:41:53 +0000] "POST /api/v1/wallets/forgot-password HTTP/1.1" 200 35 "-" "PostmanRuntime/7.29.0"
::1 - - [10/May/2022:13:43:05 +0000] "POST /api/v1/wallets/forgot-password HTTP/1.1" 200 35 "-" "PostmanRuntime/7.29.0"
::1 - - [10/May/2022:13:48:17 +0000] "POST /api/v1/wallets/forgot-password HTTP/1.1" 200 35 "-" "PostmanRuntime/7.29.0"
::1 - - [10/May/2022:13:50:05 +0000] "POST /api/v1/wallets/forgot-password HTTP/1.1" 400 124 "-" "PostmanRuntime/7.29.0"
::1 - - [10/May/2022:13:50:10 +0000] "POST /api/v1/wallets/forgot-password HTTP/1.1" 400 124 "-" "PostmanRuntime/7.29.0"
::1 - - [10/May/2022:13:50:26 +0000] "POST /api/v1/wallets/forgot-password HTTP/1.1" 200 35 "-" "PostmanRuntime/7.29.0"
::1 - - [10/May/2022:13:51:01 +0000] "POST /api/v1/wallets/forgot-password HTTP/1.1" 200 35 "-" "PostmanRuntime/7.29.0"
::1 - - [10/May/2022:13:51:10 +0000] "POST /api/v1/wallets/forgot-password HTTP/1.1" 200 35 "-" "PostmanRuntime/7.29.0"
::1 - - [10/May/2022:13:51:27 +0000] "POST /api/v1/wallets/forgot-password HTTP/1.1" 200 35 "-" "PostmanRuntime/7.29.0"
::1 - - [10/May/2022:13:52:12 +0000] "POST /api/v1/wallets/login HTTP/1.1" 500 69 "-" "PostmanRuntime/7.29.0"
::1 - - [10/May/2022:13:52:16 +0000] "POST /api/v1/wallets/login HTTP/1.1" 500 69 "-" "PostmanRuntime/7.29.0"
::1 - - [10/May/2022:13:52:23 +0000] "POST /api/v1/wallets/login HTTP/1.1" 200 698 "-" "PostmanRuntime/7.29.0"
::1 - - [10/May/2022:13:52:35 +0000] "POST /api/v1/transactions/giftcard HTTP/1.1" 404 168 "-" "PostmanRuntime/7.29.0"
::1 - - [10/May/2022:13:53:29 +0000] "POST /api/v1/transactions/giftcard HTTP/1.1" 404 168 "-" "PostmanRuntime/7.29.0"
::1 - - [10/May/2022:13:53:46 +0000] "POST /api/v1/transactions/charge HTTP/1.1" 201 66 "-" "PostmanRuntime/7.29.0"
::1 - - [10/May/2022:13:54:15 +0000] "POST /api/v1/transactions/giftcardcharge HTTP/1.1" 201 75 "-" "PostmanRuntime/7.29.0"
::1 - - [10/May/2022:13:54:38 +0000] "POST /api/v1/transactions/giftcardcharge HTTP/1.1" 201 75 "-" "PostmanRuntime/7.29.0"
::1 - - [10/May/2022:13:58:44 +0000] "POST /api/v1/transactions/giftcardcharge HTTP/1.1" 500 216 "-" "PostmanRuntime/7.29.0"
::1 - - [10/May/2022:13:58:49 +0000] "POST /api/v1/transactions/giftcardcharge HTTP/1.1" 201 75 "-" "PostmanRuntime/7.29.0"
::1 - - [10/May/2022:13:58:52 +0000] "POST /api/v1/transactions/giftcardcharge HTTP/1.1" 201 75 "-" "PostmanRuntime/7.29.0"
::1 - - [10/May/2022:13:59:18 +0000] "POST /api/v1/transactions/giftcardcharge HTTP/1.1" 201 75 "-" "PostmanRuntime/7.29.0"
::1 - - [10/May/2022:13:59:56 +0000] "POST /api/v1/transactions/giftcardcharge HTTP/1.1" 500 178 "-" "PostmanRuntime/7.29.0"
::1 - - [10/May/2022:14:00:16 +0000] "POST /api/v1/transactions/giftcardcharge HTTP/1.1" 500 176 "-" "PostmanRuntime/7.29.0"
::1 - - [10/May/2022:14:03:53 +0000] "POST /api/v1/wallets/forgot-password HTTP/1.1" 200 35 "-" "PostmanRuntime/7.29.0"
::1 - - [10/May/2022:14:05:09 +0000] "POST /api/v1/wallets/reset-password HTTP/1.1" 500 85 "-" "PostmanRuntime/7.29.0"
::1 - - [10/May/2022:14:05:23 +0000] "POST /api/v1/wallets/forgot-password HTTP/1.1" 400 138 "-" "PostmanRuntime/7.29.0"
::1 - - [10/May/2022:14:06:09 +0000] "POST /api/v1/wallets/forgot-password HTTP/1.1" 200 35 "-" "PostmanRuntime/7.29.0"
::1 - - [10/May/2022:14:06:37 +0000] "POST /api/v1/wallets/forgot-password HTTP/1.1" 200 35 "-" "PostmanRuntime/7.29.0"
::1 - - [10/May/2022:14:08:13 +0000] "POST /api/v1/wallets//reset-password HTTP/1.1" 500 85 "-" "PostmanRuntime/7.29.0"
::1 - - [10/May/2022:14:09:14 +0000] "POST /api/v1/wallets//reset-password HTTP/1.1" 500 65 "-" "PostmanRuntime/7.29.0"
::1 - - [10/May/2022:14:09:52 +0000] "POST /api/v1/wallets//reset-password HTTP/1.1" 500 85 "-" "PostmanRuntime/7.29.0"
::1 - - [10/May/2022:14:09:58 +0000] "POST /api/v1/wallets//reset-password HTTP/1.1" 500 85 "-" "PostmanRuntime/7.29.0"
::1 - - [10/May/2022:14:09:59 +0000] "POST /api/v1/wallets//reset-password HTTP/1.1" 500 85 "-" "PostmanRuntime/7.29.0"
::1 - - [10/May/2022:14:10:25 +0000] "POST /api/v1/wallets//reset-password HTTP/1.1" 500 85 "-" "PostmanRuntime/7.29.0"
::1 - - [10/May/2022:14:10:27 +0000] "POST /api/v1/wallets//reset-password HTTP/1.1" 500 85 "-" "PostmanRuntime/7.29.0"
::1 - - [10/May/2022:14:11:15 +0000] "POST /api/v1/wallets//reset-password HTTP/1.1" 500 85 "-" "PostmanRuntime/7.29.0"
::1 - - [10/May/2022:14:11:16 +0000] "POST /api/v1/wallets//reset-password HTTP/1.1" 500 85 "-" "PostmanRuntime/7.29.0"
::1 - - [10/May/2022:14:11:56 +0000] "POST /api/v1/wallets//reset-password HTTP/1.1" 200 619 "-" "PostmanRuntime/7.29.0"
::1 - - [10/May/2022:14:12:06 +0000] "POST /api/v1/wallets/reset-password HTTP/1.1" 400 96 "-" "PostmanRuntime/7.29.0"
::1 - - [10/May/2022:14:16:00 +0000] "POST /api/v1/wallets/login HTTP/1.1" 200 619 "-" "PostmanRuntime/7.29.0"
::1 - - [10/May/2022:14:16:05 +0000] "POST /api/v1/wallets/6278c476c7aa3ef792a04189 HTTP/1.1" 404 179 "-" "PostmanRuntime/7.29.0"
::1 - - [10/May/2022:14:16:11 +0000] "GET /api/v1/wallets/6278c476c7aa3ef792a04189 HTTP/1.1" 200 340 "-" "PostmanRuntime/7.29.0"
::1 - - [10/May/2022:14:17:04 +0000] "PUT /api/v1/wallets/6278c476c7aa3ef792a04189 HTTP/1.1" 200 340 "-" "PostmanRuntime/7.29.0"
::1 - - [10/May/2022:14:17:22 +0000] "PUT /api/v1/wallets/6278c476c7aa3ef792a04189 HTTP/1.1" 200 340 "-" "PostmanRuntime/7.29.0"
::1 - - [10/May/2022:14:17:23 +0000] "PUT /api/v1/wallets/6278c476c7aa3ef792a04189 HTTP/1.1" 200 340 "-" "PostmanRuntime/7.29.0"
::1 - - [10/May/2022:14:17:29 +0000] "PUT /api/v1/wallets/6278c476c7aa3ef792a04189 HTTP/1.1" 200 340 "-" "PostmanRuntime/7.29.0"
::1 - - [10/May/2022:14:17:48 +0000] "PUT /api/v1/wallets/6278c476c7aa3ef792a04189 HTTP/1.1" 200 340 "-" "PostmanRuntime/7.29.0"
::1 - - [10/May/2022:14:17:49 +0000] "PUT /api/v1/wallets/6278c476c7aa3ef792a04189 HTTP/1.1" 200 340 "-" "PostmanRuntime/7.29.0"
::1 - - [10/May/2022:14:17:56 +0000] "PUT /api/v1/wallets/6278c476c7aa3ef792a04189 HTTP/1.1" 200 340 "-" "PostmanRuntime/7.29.0"
::1 - - [10/May/2022:14:18:19 +0000] "PUT /api/v1/wallets/6278c476c7aa3ef792a04189 HTTP/1.1" 200 340 "-" "PostmanRuntime/7.29.0"
::1 - - [10/May/2022:14:18:21 +0000] "PUT /api/v1/wallets/6278c476c7aa3ef792a04189 HTTP/1.1" 200 340 "-" "PostmanRuntime/7.29.0"
::1 - - [10/May/2022:14:18:21 +0000] "PUT /api/v1/wallets/6278c476c7aa3ef792a04189 HTTP/1.1" 200 340 "-" "PostmanRuntime/7.29.0"
::1 - - [10/May/2022:14:20:40 +0000] "PUT /api/v1/wallets/6278c476c7aa3ef792a04189 HTTP/1.1" 200 340 "-" "PostmanRuntime/7.29.0"
::1 - - [10/May/2022:14:20:42 +0000] "PUT /api/v1/wallets/6278c476c7aa3ef792a04189 HTTP/1.1" 200 340 "-" "PostmanRuntime/7.29.0"
::1 - - [10/May/2022:14:20:43 +0000] "PUT /api/v1/wallets/6278c476c7aa3ef792a04189 HTTP/1.1" 200 340 "-" "PostmanRuntime/7.29.0"
::1 - - [10/May/2022:14:20:45 +0000] "PUT /api/v1/wallets/6278c476c7aa3ef792a04189 HTTP/1.1" 200 340 "-" "PostmanRuntime/7.29.0"
::1 - - [10/May/2022:14:20:46 +0000] "PUT /api/v1/wallets/6278c476c7aa3ef792a04189 HTTP/1.1" 200 340 "-" "PostmanRuntime/7.29.0"
::1 - - [10/May/2022:14:20:47 +0000] "PUT /api/v1/wallets/6278c476c7aa3ef792a04189 HTTP/1.1" 200 340 "-" "PostmanRuntime/7.29.0"
::1 - - [10/May/2022:14:27:36 +0000] "POST /api/v1/transactions/giftcardcharge HTTP/1.1" 500 176 "-" "PostmanRuntime/7.29.0"
::1 - - [10/May/2022:14:27:38 +0000] "POST /api/v1/transactions/giftcardcharge HTTP/1.1" 500 176 "-" "PostmanRuntime/7.29.0"
::1 - - [10/May/2022:14:27:49 +0000] "POST /api/v1/transactions/giftcardcharge HTTP/1.1" 500 176 "-" "PostmanRuntime/7.29.0"
::1 - - [10/May/2022:14:28:15 +0000] "POST /api/v1/transactions/giftcardcharge HTTP/1.1" 500 176 "-" "PostmanRuntime/7.29.0"
::1 - - [10/May/2022:14:28:28 +0000] "POST /api/v1/transactions/giftcardcharge HTTP/1.1" 500 176 "-" "PostmanRuntime/7.29.0"
::1 - - [10/May/2022:14:28:29 +0000] "POST /api/v1/transactions/giftcardcharge HTTP/1.1" 500 176 "-" "PostmanRuntime/7.29.0"
::1 - - [10/May/2022:14:28:31 +0000] "POST /api/v1/transactions/giftcardcharge HTTP/1.1" 500 176 "-" "PostmanRuntime/7.29.0"
::1 - - [10/May/2022:14:28:46 +0000] "POST /api/v1/transactions/giftcardcharge HTTP/1.1" 500 176 "-" "PostmanRuntime/7.29.0"
::1 - - [10/May/2022:14:29:12 +0000] "POST /api/v1/transactions/giftcardcharge HTTP/1.1" 201 75 "-" "PostmanRuntime/7.29.0"
::1 - - [10/May/2022:14:29:20 +0000] "POST /api/v1/transactions/giftcardcharge HTTP/1.1" 201 75 "-" "PostmanRuntime/7.29.0"
::1 - - [10/May/2022:14:30:35 +0000] "POST /api/v1/transactions/giftcardcharge HTTP/1.1" 500 100 "-" "PostmanRuntime/7.29.0"
::1 - - [10/May/2022:14:30:39 +0000] "POST /api/v1/transactions/giftcardcharge HTTP/1.1" 500 100 "-" "PostmanRuntime/7.29.0"
::1 - - [10/May/2022:14:30:47 +0000] "POST /api/v1/transactions/giftcardcharge HTTP/1.1" 500 100 "-" "PostmanRuntime/7.29.0"
::1 - - [10/May/2022:14:31:01 +0000] "POST /api/v1/transactions/giftcardcharge HTTP/1.1" 500 100 "-" "PostmanRuntime/7.29.0"
::1 - - [10/May/2022:14:31:24 +0000] "POST /api/v1/transactions/giftcardcharge HTTP/1.1" 500 100 "-" "PostmanRuntime/7.29.0"
::1 - - [10/May/2022:14:31:51 +0000] "POST /api/v1/transactions/giftcardcharge HTTP/1.1" 500 100 "-" "PostmanRuntime/7.29.0"
::1 - - [10/May/2022:14:31:56 +0000] "POST /api/v1/transactions/giftcardcharge HTTP/1.1" 500 100 "-" "PostmanRuntime/7.29.0"
::1 - - [10/May/2022:14:32:38 +0000] "POST /api/v1/transactions/giftcardcharge HTTP/1.1" 500 100 "-" "PostmanRuntime/7.29.0"
::1 - - [10/May/2022:14:33:32 +0000] "POST /api/v1/transactions/giftcardcharge HTTP/1.1" 500 179 "-" "PostmanRuntime/7.29.0"
::1 - - [10/May/2022:14:33:42 +0000] "POST /api/v1/transactions/giftcardcharge HTTP/1.1" 500 179 "-" "PostmanRuntime/7.29.0"
::1 - - [10/May/2022:14:34:26 +0000] "POST /api/v1/transactions/giftcardcharge HTTP/1.1" 500 179 "-" "PostmanRuntime/7.29.0"
::1 - - [10/May/2022:14:35:09 +0000] "POST /api/v1/transactions/giftcardcharge HTTP/1.1" - - "-" "PostmanRuntime/7.29.0"
::1 - - [10/May/2022:14:35:12 +0000] "POST /api/v1/transactions/giftcardcharge HTTP/1.1" 500 295 "-" "PostmanRuntime/7.29.0"
::1 - - [10/May/2022:14:41:53 +0000] "POST /api/v1/transactions/giftcardcharge HTTP/1.1" 500 141 "-" "PostmanRuntime/7.29.0"
::1 - - [10/May/2022:14:44:51 +0000] "POST /api/v1/transactions/giftcardcharge HTTP/1.1" 201 75 "-" "PostmanRuntime/7.29.0"
::1 - - [10/May/2022:14:44:55 +0000] "POST /api/v1/transactions/giftcardcharge HTTP/1.1" 500 215 "-" "PostmanRuntime/7.29.0"
::1 - - [10/May/2022:14:44:58 +0000] "POST /api/v1/transactions/giftcardcharge HTTP/1.1" 500 215 "-" "PostmanRuntime/7.29.0"
::1 - - [10/May/2022:14:45:07 +0000] "POST /api/v1/transactions/giftcardcharge HTTP/1.1" 201 75 "-" "PostmanRuntime/7.29.0"
::1 - - [10/May/2022:14:45:14 +0000] "POST /api/v1/transactions/giftcardcharge HTTP/1.1" 500 176 "-" "PostmanRuntime/7.29.0"
::1 - - [10/May/2022:14:45:20 +0000] "POST /api/v1/transactions/giftcardcharge HTTP/1.1" 500 176 "-" "PostmanRuntime/7.29.0"
::1 - - [10/May/2022:14:45:38 +0000] "POST /api/v1/transactions/giftcardcharge HTTP/1.1" - - "-" "PostmanRuntime/7.29.0"
::1 - - [10/May/2022:14:45:41 +0000] "POST /api/v1/transactions/giftcardcharge HTTP/1.1" 500 295 "-" "PostmanRuntime/7.29.0"
::1 - - [10/May/2022:14:45:47 +0000] "POST /api/v1/transactions/giftcardcharge HTTP/1.1" 500 295 "-" "PostmanRuntime/7.29.0"
::1 - - [10/May/2022:14:45:55 +0000] "POST /api/v1/transactions/giftcardcharge HTTP/1.1" 500 295 "-" "PostmanRuntime/7.29.0"
::1 - - [10/May/2022:14:46:11 +0000] "POST /api/v1/transactions/giftcardcharge HTTP/1.1" 500 295 "-" "PostmanRuntime/7.29.0"
::1 - - [10/May/2022:14:46:19 +0000] "POST /api/v1/transactions/giftcardcharge HTTP/1.1" 500 295 "-" "PostmanRuntime/7.29.0"
::1 - - [10/May/2022:14:46:44 +0000] "POST /api/v1/transactions/giftcardcharge HTTP/1.1" 500 295 "-" "PostmanRuntime/7.29.0"
::1 - - [10/May/2022:14:47:13 +0000] "POST /api/v1/transactions/giftcardcharge HTTP/1.1" 201 75 "-" "PostmanRuntime/7.29.0"
::1 - - [10/May/2022:14:47:18 +0000] "POST /api/v1/transactions/giftcardcharge HTTP/1.1" 201 75 "-" "PostmanRuntime/7.29.0"
::1 - - [10/May/2022:14:47:21 +0000] "POST /api/v1/transactions/giftcardcharge HTTP/1.1" 201 75 "-" "PostmanRuntime/7.29.0"
::1 - - [10/May/2022:14:47:37 +0000] "POST /api/v1/transactions/giftcardcharge HTTP/1.1" - - "-" "PostmanRuntime/7.29.0"
::1 - - [10/May/2022:14:47:43 +0000] "POST /api/v1/transactions/giftcardcharge HTTP/1.1" 500 216 "-" "PostmanRuntime/7.29.0"
::1 - - [10/May/2022:14:47:45 +0000] "POST /api/v1/transactions/giftcardcharge HTTP/1.1" 500 295 "-" "PostmanRuntime/7.29.0"
::1 - - [10/May/2022:14:47:47 +0000] "POST /api/v1/transactions/giftcardcharge HTTP/1.1" 500 295 "-" "PostmanRuntime/7.29.0"
::1 - - [10/May/2022:14:48:07 +0000] "POST /api/v1/transactions/giftcardcharge HTTP/1.1" 500 295 "-" "PostmanRuntime/7.29.0"
::1 - - [10/May/2022:14:48:16 +0000] "POST /api/v1/transactions/giftcardcharge HTTP/1.1" 500 295 "-" "PostmanRuntime/7.29.0"
::1 - - [10/May/2022:14:48:31 +0000] "POST /api/v1/transactions/giftcardcharge HTTP/1.1" 500 295 "-" "PostmanRuntime/7.29.0"
::1 - - [10/May/2022:14:48:32 +0000] "POST /api/v1/transactions/giftcardcharge HTTP/1.1" 500 295 "-" "PostmanRuntime/7.29.0"
::1 - - [10/May/2022:14:48:40 +0000] "POST /api/v1/transactions/giftcardcharge HTTP/1.1" 500 295 "-" "PostmanRuntime/7.29.0"
::1 - - [10/May/2022:14:48:42 +0000] "POST /api/v1/transactions/giftcardcharge HTTP/1.1" 500 295 "-" "PostmanRuntime/7.29.0"
::1 - - [10/May/2022:14:48:45 +0000] "POST /api/v1/transactions/giftcardcharge HTTP/1.1" 500 215 "-" "PostmanRuntime/7.29.0"
::1 - - [10/May/2022:14:48:47 +0000] "POST /api/v1/transactions/giftcardcharge HTTP/1.1" 500 295 "-" "PostmanRuntime/7.29.0"
::1 - - [10/May/2022:14:48:48 +0000] "POST /api/v1/transactions/giftcardcharge HTTP/1.1" 500 295 "-" "PostmanRuntime/7.29.0"
::1 - - [10/May/2022:14:48:49 +0000] "POST /api/v1/transactions/giftcardcharge HTTP/1.1" 500 295 "-" "PostmanRuntime/7.29.0"
::1 - - [10/May/2022:14:49:37 +0000] "POST /api/v1/transactions/giftcardcharge HTTP/1.1" 201 75 "-" "PostmanRuntime/7.29.0"
::1 - - [10/May/2022:14:50:54 +0000] "POST /api/v1/transactions/giftcardcharge HTTP/1.1" 500 216 "-" "PostmanRuntime/7.29.0"
::1 - - [10/May/2022:14:50:57 +0000] "POST /api/v1/transactions/giftcardcharge HTTP/1.1" 500 215 "-" "PostmanRuntime/7.29.0"
::1 - - [10/May/2022:14:50:58 +0000] "POST /api/v1/transactions/giftcardcharge HTTP/1.1" 201 75 "-" "PostmanRuntime/7.29.0"
::1 - - [10/May/2022:14:51:00 +0000] "POST /api/v1/transactions/giftcardcharge HTTP/1.1" 500 215 "-" "PostmanRuntime/7.29.0"
::1 - - [10/May/2022:14:51:02 +0000] "POST /api/v1/transactions/giftcardcharge HTTP/1.1" 201 75 "-" "PostmanRuntime/7.29.0"
::1 - - [10/May/2022:14:51:04 +0000] "POST /api/v1/transactions/giftcardcharge HTTP/1.1" 500 215 "-" "PostmanRuntime/7.29.0"
::1 - - [10/May/2022:14:51:06 +0000] "POST /api/v1/transactions/giftcardcharge HTTP/1.1" 201 75 "-" "PostmanRuntime/7.29.0"
::1 - - [10/May/2022:14:51:30 +0000] "POST /api/v1/transactions/giftcardcharge HTTP/1.1" 500 215 "-" "PostmanRuntime/7.29.0"
::1 - - [10/May/2022:14:51:31 +0000] "POST /api/v1/transactions/giftcardcharge HTTP/1.1" 500 215 "-" "PostmanRuntime/7.29.0"
::1 - - [10/May/2022:14:51:33 +0000] "POST /api/v1/transactions/giftcardcharge HTTP/1.1" 201 75 "-" "PostmanRuntime/7.29.0"
::1 - - [10/May/2022:14:51:55 +0000] "POST /api/v1/transactions/giftcardcharge HTTP/1.1" 201 75 "-" "PostmanRuntime/7.29.0"
::1 - - [10/May/2022:14:51:57 +0000] "POST /api/v1/transactions/giftcardcharge HTTP/1.1" 400 119 "-" "PostmanRuntime/7.29.0"
::1 - - [10/May/2022:14:52:00 +0000] "POST /api/v1/transactions/giftcardcharge HTTP/1.1" 400 119 "-" "PostmanRuntime/7.29.0"
::1 - - [10/May/2022:14:52:03 +0000] "POST /api/v1/transactions/giftcardcharge HTTP/1.1" 400 119 "-" "PostmanRuntime/7.29.0"
::1 - - [10/May/2022:14:52:04 +0000] "POST /api/v1/transactions/giftcardcharge HTTP/1.1" 400 119 "-" "PostmanRuntime/7.29.0"
::1 - - [10/May/2022:14:52:06 +0000] "POST /api/v1/transactions/giftcardcharge HTTP/1.1" 400 119 "-" "PostmanRuntime/7.29.0"
::1 - - [10/May/2022:14:52:32 +0000] "POST /api/v1/transactions/giftcardcharge HTTP/1.1" 500 216 "-" "PostmanRuntime/7.29.0"
::1 - - [10/May/2022:14:52:49 +0000] "POST /api/v1/transactions/giftcardcharge HTTP/1.1" - - "-" "PostmanRuntime/7.29.0"
::1 - - [10/May/2022:14:52:51 +0000] "POST /api/v1/transactions/giftcardcharge HTTP/1.1" 500 295 "-" "PostmanRuntime/7.29.0"
::1 - - [10/May/2022:14:53:32 +0000] "POST /api/v1/transactions/giftcardcharge HTTP/1.1" 500 295 "-" "PostmanRuntime/7.29.0"
::1 - - [10/May/2022:15:00:13 +0000] "POST /api/v1/transactions/giftcardcharge HTTP/1.1" 500 100 "-" "PostmanRuntime/7.29.0"
::1 - - [10/May/2022:15:00:16 +0000] "POST /api/v1/transactions/giftcardcharge HTTP/1.1" 500 100 "-" "PostmanRuntime/7.29.0"
::1 - - [10/May/2022:15:00:24 +0000] "POST /api/v1/transactions/giftcardcharge HTTP/1.1" 500 154 "-" "PostmanRuntime/7.29.0"
::1 - - [10/May/2022:15:00:27 +0000] "POST /api/v1/transactions/giftcardcharge HTTP/1.1" 500 154 "-" "PostmanRuntime/7.29.0"
::1 - - [10/May/2022:15:02:44 +0000] "POST /api/v1/transactions/giftcardcharge HTTP/1.1" 201 75 "-" "PostmanRuntime/7.29.0"
::1 - - [10/May/2022:15:02:46 +0000] "POST /api/v1/transactions/giftcardcharge HTTP/1.1" 201 75 "-" "PostmanRuntime/7.29.0"
::1 - - [10/May/2022:15:02:48 +0000] "POST /api/v1/transactions/giftcardcharge HTTP/1.1" 201 75 "-" "PostmanRuntime/7.29.0"
::1 - - [10/May/2022:15:02:51 +0000] "POST /api/v1/transactions/giftcardcharge HTTP/1.1" 201 75 "-" "PostmanRuntime/7.29.0"
::1 - - [10/May/2022:15:03:08 +0000] "POST /api/v1/transactions/giftcardcharge HTTP/1.1" 201 75 "-" "PostmanRuntime/7.29.0"
::1 - - [10/May/2022:15:03:21 +0000] "POST /api/v1/transactions/giftcardcharge HTTP/1.1" 201 75 "-" "PostmanRuntime/7.29.0"
::1 - - [10/May/2022:15:03:31 +0000] "POST /api/v1/transactions/giftcardcharge HTTP/1.1" 201 75 "-" "PostmanRuntime/7.29.0"
::1 - - [10/May/2022:15:03:36 +0000] "POST /api/v1/transactions/giftcardcharge HTTP/1.1" 201 75 "-" "PostmanRuntime/7.29.0"
::1 - - [10/May/2022:15:03:37 +0000] "POST /api/v1/transactions/giftcardcharge HTTP/1.1" 201 75 "-" "PostmanRuntime/7.29.0"
::1 - - [10/May/2022:15:03:39 +0000] "POST /api/v1/transactions/giftcardcharge HTTP/1.1" 201 75 "-" "PostmanRuntime/7.29.0"
::1 - - [10/May/2022:15:03:40 +0000] "POST /api/v1/transactions/giftcardcharge HTTP/1.1" 201 75 "-" "PostmanRuntime/7.29.0"
::1 - - [10/May/2022:15:03:41 +0000] "POST /api/v1/transactions/giftcardcharge HTTP/1.1" 201 75 "-" "PostmanRuntime/7.29.0"
::1 - - [10/May/2022:15:03:43 +0000] "POST /api/v1/transactions/giftcardcharge HTTP/1.1" 201 75 "-" "PostmanRuntime/7.29.0"
::1 - - [10/May/2022:15:03:44 +0000] "POST /api/v1/transactions/giftcardcharge HTTP/1.1" 201 75 "-" "PostmanRuntime/7.29.0"
::1 - - [10/May/2022:15:03:45 +0000] "POST /api/v1/transactions/giftcardcharge HTTP/1.1" 201 75 "-" "PostmanRuntime/7.29.0"
::1 - - [10/May/2022:15:03:46 +0000] "POST /api/v1/transactions/giftcardcharge HTTP/1.1" 201 75 "-" "PostmanRuntime/7.29.0"
::1 - - [10/May/2022:15:03:47 +0000] "POST /api/v1/transactions/giftcardcharge HTTP/1.1" 201 75 "-" "PostmanRuntime/7.29.0"
::1 - - [10/May/2022:15:03:49 +0000] "POST /api/v1/transactions/giftcardcharge HTTP/1.1" 201 75 "-" "PostmanRuntime/7.29.0"
::1 - - [10/May/2022:15:03:50 +0000] "POST /api/v1/transactions/giftcardcharge HTTP/1.1" 201 75 "-" "PostmanRuntime/7.29.0"
::1 - - [10/May/2022:15:03:51 +0000] "POST /api/v1/transactions/giftcardcharge HTTP/1.1" 201 75 "-" "PostmanRuntime/7.29.0"
::1 - - [10/May/2022:15:03:52 +0000] "POST /api/v1/transactions/giftcardcharge HTTP/1.1" 201 75 "-" "PostmanRuntime/7.29.0"
::1 - - [10/May/2022:15:03:54 +0000] "POST /api/v1/transactions/giftcardcharge HTTP/1.1" 201 75 "-" "PostmanRuntime/7.29.0"
::1 - - [10/May/2022:15:03:55 +0000] "POST /api/v1/transactions/giftcardcharge HTTP/1.1" 201 75 "-" "PostmanRuntime/7.29.0"
::1 - - [10/May/2022:15:03:56 +0000] "POST /api/v1/transactions/giftcardcharge HTTP/1.1" 201 75 "-" "PostmanRuntime/7.29.0"
::1 - - [10/May/2022:15:03:57 +0000] "POST /api/v1/transactions/giftcardcharge HTTP/1.1" 201 75 "-" "PostmanRuntime/7.29.0"
::1 - - [10/May/2022:15:03:59 +0000] "POST /api/v1/transactions/giftcardcharge HTTP/1.1" 201 75 "-" "PostmanRuntime/7.29.0"
::1 - - [10/May/2022:15:04:00 +0000] "POST /api/v1/transactions/giftcardcharge HTTP/1.1" 201 75 "-" "PostmanRuntime/7.29.0"
::1 - - [10/May/2022:15:04:01 +0000] "POST /api/v1/transactions/giftcardcharge HTTP/1.1" 201 75 "-" "PostmanRuntime/7.29.0"
::1 - - [10/May/2022:15:04:02 +0000] "POST /api/v1/transactions/giftcardcharge HTTP/1.1" 201 75 "-" "PostmanRuntime/7.29.0"
::1 - - [10/May/2022:15:04:04 +0000] "POST /api/v1/transactions/giftcardcharge HTTP/1.1" 201 75 "-" "PostmanRuntime/7.29.0"
::1 - - [10/May/2022:15:04:37 +0000] "POST /api/v1/transactions/giftcardcharge HTTP/1.1" 201 75 "-" "PostmanRuntime/7.29.0"
::1 - - [10/May/2022:15:04:45 +0000] "POST /api/v1/transactions/giftcardcharge HTTP/1.1" 201 75 "-" "PostmanRuntime/7.29.0"
::1 - - [10/May/2022:15:05:12 +0000] "POST /api/v1/transactions/giftcardcharge HTTP/1.1" 201 75 "-" "PostmanRuntime/7.29.0"
::1 - - [10/May/2022:15:05:15 +0000] "POST /api/v1/transactions/giftcardcharge HTTP/1.1" 201 75 "-" "PostmanRuntime/7.29.0"
::1 - - [10/May/2022:15:34:55 +0000] "POST /api/v1/transactions/giftcardcharge HTTP/1.1" 201 75 "-" "PostmanRuntime/7.29.0"
::1 - - [10/May/2022:15:35:22 +0000] "POST /api/v1/transactions/giftcardcharge HTTP/1.1" 201 75 "-" "PostmanRuntime/7.29.0"
::1 - - [10/May/2022:15:37:52 +0000] "POST /api/v1/transactions/giftcardcharge HTTP/1.1" 500 131 "-" "PostmanRuntime/7.29.0"
::1 - - [10/May/2022:15:37:58 +0000] "POST /api/v1/transactions/giftcardcharge HTTP/1.1" 500 131 "-" "PostmanRuntime/7.29.0"
::1 - - [10/May/2022:15:38:13 +0000] "POST /api/v1/transactions/giftcardcharge HTTP/1.1" 500 136 "-" "PostmanRuntime/7.29.0"
::1 - - [10/May/2022:15:38:14 +0000] "POST /api/v1/transactions/giftcardcharge HTTP/1.1" 500 136 "-" "PostmanRuntime/7.29.0"
::1 - - [10/May/2022:15:40:17 +0000] "POST /api/v1/transactions/giftcardcharge HTTP/1.1" 201 75 "-" "PostmanRuntime/7.29.0"
