::1 - - [08/May/2022:16:14:05 +0000] "POST /api/v1/wallets HTTP/1.1" 401 283 "-" "PostmanRuntime/7.29.0"
::1 - - [08/May/2022:16:14:17 +0000] "POST /api/v1/wallets/login HTTP/1.1" 500 79 "-" "PostmanRuntime/7.29.0"
::1 - - [08/May/2022:16:14:25 +0000] "POST /api/v1/wallets/login HTTP/1.1" 500 62 "-" "PostmanRuntime/7.29.0"
::1 - - [08/May/2022:16:16:22 +0000] "POST /api/v1/wallets/login HTTP/1.1" 500 79 "-" "PostmanRuntime/7.29.0"
::1 - - [08/May/2022:16:17:25 +0000] "POST /api/v1/wallets/login HTTP/1.1" 500 79 "-" "PostmanRuntime/7.29.0"
::1 - - [08/May/2022:16:17:47 +0000] "POST /api/v1/wallets/login HTTP/1.1" 500 62 "-" "PostmanRuntime/7.29.0"
::1 - - [08/May/2022:16:18:19 +0000] "POST /api/v1/wallets/login HTTP/1.1" 500 79 "-" "PostmanRuntime/7.29.0"
::1 - - [08/May/2022:16:18:20 +0000] "POST /api/v1/wallets/login HTTP/1.1" 500 79 "-" "PostmanRuntime/7.29.0"
::1 - - [08/May/2022:16:18:22 +0000] "POST /api/v1/wallets/login HTTP/1.1" 400 120 "-" "PostmanRuntime/7.29.0"
::1 - - [08/May/2022:16:18:27 +0000] "POST /api/v1/wallets/login HTTP/1.1" 500 79 "-" "PostmanRuntime/7.29.0"
::1 - - [08/May/2022:16:19:37 +0000] "POST /api/v1/wallets/login HTTP/1.1" 500 81 "-" "PostmanRuntime/7.29.0"
::1 - - [08/May/2022:16:19:38 +0000] "POST /api/v1/wallets/login HTTP/1.1" 500 81 "-" "PostmanRuntime/7.29.0"
::1 - - [08/May/2022:16:19:56 +0000] "POST /api/v1/wallets/login HTTP/1.1" 500 79 "-" "PostmanRuntime/7.29.0"
::1 - - [08/May/2022:16:20:01 +0000] "POST /api/v1/wallets/login HTTP/1.1" 500 79 "-" "PostmanRuntime/7.29.0"
::1 - - [08/May/2022:16:20:02 +0000] "POST /api/v1/wallets/login HTTP/1.1" 500 79 "-" "PostmanRuntime/7.29.0"
::1 - - [08/May/2022:16:20:03 +0000] "POST /api/v1/wallets/login HTTP/1.1" 500 79 "-" "PostmanRuntime/7.29.0"
::1 - - [08/May/2022:16:20:37 +0000] "POST /api/v1/wallets/login HTTP/1.1" 500 79 "-" "PostmanRuntime/7.29.0"
::1 - - [08/May/2022:16:20:38 +0000] "POST /api/v1/wallets/login HTTP/1.1" 500 79 "-" "PostmanRuntime/7.29.0"
::1 - - [08/May/2022:16:21:21 +0000] "POST /api/v1/wallets/login HTTP/1.1" 200 548 "-" "PostmanRuntime/7.29.0"
::1 - - [08/May/2022:16:21:36 +0000] "POST /api/v1/wallets/login HTTP/1.1" 200 548 "-" "PostmanRuntime/7.29.0"
::1 - - [08/May/2022:16:22:30 +0000] "POST /api/v1/wallets/logout HTTP/1.1" 401 283 "-" "PostmanRuntime/7.29.0"
::1 - - [08/May/2022:16:22:40 +0000] "POST /api/v1/wallets/logout HTTP/1.1" 401 283 "-" "PostmanRuntime/7.29.0"
::1 - - [08/May/2022:16:23:22 +0000] "POST /api/v1/wallets/login HTTP/1.1" 200 548 "-" "PostmanRuntime/7.29.0"
::1 - - [08/May/2022:16:23:25 +0000] "POST /api/v1/wallets/login HTTP/1.1" 200 548 "-" "PostmanRuntime/7.29.0"
::1 - - [08/May/2022:16:23:26 +0000] "POST /api/v1/wallets/login HTTP/1.1" 200 548 "-" "PostmanRuntime/7.29.0"
::1 - - [08/May/2022:16:23:27 +0000] "POST /api/v1/wallets/login HTTP/1.1" 200 548 "-" "PostmanRuntime/7.29.0"
::1 - - [08/May/2022:16:23:54 +0000] "POST /api/v1/transactions/transfer HTTP/1.1" 500 215 "-" "PostmanRuntime/7.29.0"
::1 - - [08/May/2022:16:24:06 +0000] "POST /api/v1/transactions/transfer HTTP/1.1" 201 65 "-" "PostmanRuntime/7.29.0"
::1 - - [08/May/2022:16:24:08 +0000] "POST /api/v1/transactions/transfer HTTP/1.1" 201 65 "-" "PostmanRuntime/7.29.0"
::1 - - [08/May/2022:16:24:09 +0000] "POST /api/v1/wallets/login HTTP/1.1" 200 548 "-" "PostmanRuntime/7.29.0"
::1 - - [08/May/2022:16:24:33 +0000] "POST /api/v1/wallets HTTP/1.1" 401 285 "-" "PostmanRuntime/7.29.0"
::1 - - [08/May/2022:16:24:47 +0000] "POST /api/v1/wallets HTTP/1.1" 401 285 "-" "PostmanRuntime/7.29.0"
::1 - - [08/May/2022:16:24:54 +0000] "POST /api/v1/wallets HTTP/1.1" 401 285 "-" "PostmanRuntime/7.29.0"
::1 - - [08/May/2022:16:25:10 +0000] "POST /api/v1/wallets/ HTTP/1.1" 401 285 "-" "PostmanRuntime/7.29.0"
::1 - - [08/May/2022:16:25:15 +0000] "POST /api/v1/wallets/login HTTP/1.1" 200 548 "-" "PostmanRuntime/7.29.0"
::1 - - [08/May/2022:16:26:14 +0000] "POST /api/v1/wallets/login HTTP/1.1" 200 548 "-" "PostmanRuntime/7.29.0"
::1 - - [08/May/2022:16:27:13 +0000] "POST /api/v1/wallets/login HTTP/1.1" 200 580 "-" "PostmanRuntime/7.29.0"
::1 - - [08/May/2022:16:27:26 +0000] "POST /api/v1/wallets/login HTTP/1.1" 200 583 "-" "PostmanRuntime/7.29.0"
::1 - - [08/May/2022:16:27:36 +0000] "POST /api/v1/wallets HTTP/1.1" 401 285 "-" "PostmanRuntime/7.29.0"
::1 - - [08/May/2022:16:28:18 +0000] "POST /api/v1/wallets?cook HTTP/1.1" 401 285 "-" "PostmanRuntime/7.29.0"
::1 - - [08/May/2022:16:28:30 +0000] "POST /api/v1/wallets?cook HTTP/1.1" 401 285 "-" "PostmanRuntime/7.29.0"
::1 - - [08/May/2022:16:28:33 +0000] "POST /api/v1/wallets?cook HTTP/1.1" 401 285 "-" "PostmanRuntime/7.29.0"
::1 - - [08/May/2022:16:28:37 +0000] "POST /api/v1/wallets/login HTTP/1.1" 200 583 "-" "PostmanRuntime/7.29.0"
::1 - - [08/May/2022:16:28:48 +0000] "POST /api/v1/wallets/login HTTP/1.1" 400 118 "-" "PostmanRuntime/7.29.0"
::1 - - [08/May/2022:16:28:52 +0000] "POST /api/v1/wallets/login HTTP/1.1" 200 583 "-" "PostmanRuntime/7.29.0"
::1 - - [08/May/2022:16:28:58 +0000] "POST /api/v1/wallets/login HTTP/1.1" 400 118 "-" "PostmanRuntime/7.29.0"
::1 - - [08/May/2022:16:29:39 +0000] "POST /api/v1/wallets?cook HTTP/1.1" 401 285 "-" "PostmanRuntime/7.29.0"
::1 - - [08/May/2022:16:29:40 +0000] "POST /api/v1/wallets?cook HTTP/1.1" 401 285 "-" "PostmanRuntime/7.29.0"
::1 - - [08/May/2022:16:29:42 +0000] "POST /api/v1/wallets?cook HTTP/1.1" 401 285 "-" "PostmanRuntime/7.29.0"
::1 - - [08/May/2022:16:29:51 +0000] "POST /api/v1/wallets HTTP/1.1" 401 285 "-" "PostmanRuntime/7.29.0"
::1 - - [08/May/2022:16:29:53 +0000] "POST /api/v1/wallets HTTP/1.1" 401 285 "-" "PostmanRuntime/7.29.0"
::1 - - [08/May/2022:16:30:20 +0000] "POST /api/v1/wallets HTTP/1.1" 401 285 "-" "PostmanRuntime/7.29.0"
::1 - - [08/May/2022:16:30:28 +0000] "POST /api/v1/wallets HTTP/1.1" 401 285 "-" "PostmanRuntime/7.29.0"
::1 - - [08/May/2022:16:30:29 +0000] "POST /api/v1/wallets HTTP/1.1" 401 285 "-" "PostmanRuntime/7.29.0"
::1 - - [08/May/2022:16:30:30 +0000] "POST /api/v1/wallets HTTP/1.1" 401 285 "-" "PostmanRuntime/7.29.0"
::1 - - [08/May/2022:16:30:35 +0000] "POST /api/v1/wallets/login HTTP/1.1" 400 118 "-" "PostmanRuntime/7.29.0"
::1 - - [08/May/2022:16:30:40 +0000] "POST /api/v1/wallets/login HTTP/1.1" 200 583 "-" "PostmanRuntime/7.29.0"
::1 - - [08/May/2022:16:30:48 +0000] "POST /api/v1/wallets HTTP/1.1" 401 285 "-" "PostmanRuntime/7.29.0"
::1 - - [08/May/2022:16:31:14 +0000] "POST /api/v1/wallets HTTP/1.1" 401 285 "-" "PostmanRuntime/7.29.0"
::1 - - [08/May/2022:16:31:15 +0000] "POST /api/v1/wallets HTTP/1.1" 401 285 "-" "PostmanRuntime/7.29.0"
::1 - - [08/May/2022:16:31:21 +0000] "POST /api/v1/wallets HTTP/1.1" 401 285 "-" "PostmanRuntime/7.29.0"
::1 - - [08/May/2022:16:31:22 +0000] "POST /api/v1/wallets HTTP/1.1" 401 285 "-" "PostmanRuntime/7.29.0"
::1 - - [08/May/2022:16:31:23 +0000] "POST /api/v1/wallets HTTP/1.1" 401 285 "-" "PostmanRuntime/7.29.0"
::1 - - [08/May/2022:16:31:25 +0000] "POST /api/v1/wallets HTTP/1.1" 401 285 "-" "PostmanRuntime/7.29.0"
::1 - - [08/May/2022:16:31:55 +0000] "POST /api/v1/wallets/login HTTP/1.1" 200 583 "-" "PostmanRuntime/7.29.0"
::1 - - [08/May/2022:16:32:50 +0000] "POST /api/v1/wallets HTTP/1.1" 401 285 "-" "PostmanRuntime/7.29.0"
::1 - - [08/May/2022:16:32:51 +0000] "POST /api/v1/wallets HTTP/1.1" 401 285 "-" "PostmanRuntime/7.29.0"
::1 - - [08/May/2022:16:33:27 +0000] "POST /api/v1/wallets HTTP/1.1" 401 285 "-" "PostmanRuntime/7.29.0"
::1 - - [08/May/2022:16:33:29 +0000] "POST /api/v1/wallets HTTP/1.1" 401 285 "-" "PostmanRuntime/7.29.0"
::1 - - [08/May/2022:16:33:30 +0000] "POST /api/v1/wallets HTTP/1.1" 401 285 "-" "PostmanRuntime/7.29.0"
::1 - - [08/May/2022:16:33:31 +0000] "POST /api/v1/wallets HTTP/1.1" 401 285 "-" "PostmanRuntime/7.29.0"
::1 - - [08/May/2022:16:33:40 +0000] "POST /api/v1/wallets HTTP/1.1" 401 285 "-" "PostmanRuntime/7.29.0"
::1 - - [08/May/2022:16:33:41 +0000] "POST /api/v1/wallets HTTP/1.1" 401 285 "-" "PostmanRuntime/7.29.0"
::1 - - [08/May/2022:16:33:53 +0000] "POST /api/v1/wallets HTTP/1.1" 401 285 "-" "PostmanRuntime/7.29.0"
::1 - - [08/May/2022:16:33:55 +0000] "POST /api/v1/wallets HTTP/1.1" 401 285 "-" "PostmanRuntime/7.29.0"
::1 - - [08/May/2022:16:33:59 +0000] "POST /api/v1/wallets HTTP/1.1" 500 172 "-" "PostmanRuntime/7.29.0"
::1 - - [08/May/2022:16:34:01 +0000] "POST /api/v1/wallets HTTP/1.1" 500 172 "-" "PostmanRuntime/7.29.0"
::1 - - [08/May/2022:16:34:04 +0000] "POST /api/v1/wallets HTTP/1.1" 500 172 "-" "PostmanRuntime/7.29.0"
::1 - - [08/May/2022:16:34:05 +0000] "POST /api/v1/wallets HTTP/1.1" 500 172 "-" "PostmanRuntime/7.29.0"
::1 - - [08/May/2022:16:34:19 +0000] "POST /api/v1/wallets HTTP/1.1" 500 172 "-" "PostmanRuntime/7.29.0"
::1 - - [08/May/2022:16:34:20 +0000] "POST /api/v1/wallets HTTP/1.1" 500 172 "-" "PostmanRuntime/7.29.0"
::1 - - [08/May/2022:16:34:28 +0000] "POST /api/v1/wallets HTTP/1.1" 401 285 "-" "PostmanRuntime/7.29.0"
::1 - - [08/May/2022:16:34:29 +0000] "POST /api/v1/wallets HTTP/1.1" 401 285 "-" "PostmanRuntime/7.29.0"
::1 - - [08/May/2022:16:34:39 +0000] "POST /api/v1/wallets/login HTTP/1.1" 200 583 "-" "PostmanRuntime/7.29.0"
::1 - - [08/May/2022:16:35:10 +0000] "GET /api/v1/wallets HTTP/1.1" 401 285 "-" "PostmanRuntime/7.29.0"
::1 - - [08/May/2022:16:35:16 +0000] "GET /api/v1/wallets HTTP/1.1" 401 285 "-" "PostmanRuntime/7.29.0"
::1 - - [08/May/2022:16:35:23 +0000] "GET /api/v1/wallets HTTP/1.1" 401 285 "-" "PostmanRuntime/7.29.0"
::1 - - [08/May/2022:16:35:24 +0000] "GET /api/v1/wallets HTTP/1.1" 401 285 "-" "PostmanRuntime/7.29.0"
::1 - - [08/May/2022:16:36:58 +0000] "GET /api/v1/wallets HTTP/1.1" 401 285 "-" "PostmanRuntime/7.29.0"
::1 - - [08/May/2022:16:37:03 +0000] "GET /api/v1/wallets HTTP/1.1" 401 285 "-" "PostmanRuntime/7.29.0"
::1 - - [08/May/2022:16:37:04 +0000] "GET /api/v1/wallets HTTP/1.1" 401 285 "-" "PostmanRuntime/7.29.0"
::1 - - [08/May/2022:16:37:11 +0000] "GET /api/v1/wallets HTTP/1.1" 401 285 "-" "PostmanRuntime/7.29.0"
::1 - - [08/May/2022:16:37:16 +0000] "GET /api/v1/wallets HTTP/1.1" 401 285 "-" "PostmanRuntime/7.29.0"
::1 - - [08/May/2022:16:37:16 +0000] "GET /api/v1/wallets HTTP/1.1" 401 285 "-" "PostmanRuntime/7.29.0"
::1 - - [08/May/2022:16:37:19 +0000] "POST /api/v1/wallets HTTP/1.1" 401 285 "-" "PostmanRuntime/7.29.0"
::1 - - [08/May/2022:16:37:20 +0000] "POST /api/v1/wallets HTTP/1.1" 401 285 "-" "PostmanRuntime/7.29.0"
::1 - - [08/May/2022:16:37:23 +0000] "POST /api/v1/wallets/login HTTP/1.1" 200 583 "-" "PostmanRuntime/7.29.0"
::1 - - [08/May/2022:16:37:25 +0000] "POST /api/v1/wallets/login HTTP/1.1" 200 583 "-" "PostmanRuntime/7.29.0"
::1 - - [08/May/2022:16:37:26 +0000] "POST /api/v1/wallets/login HTTP/1.1" 200 583 "-" "PostmanRuntime/7.29.0"
::1 - - [08/May/2022:16:38:20 +0000] "POST /api/v1/wallets/login HTTP/1.1" 200 583 "-" "PostmanRuntime/7.29.0"
::1 - - [08/May/2022:16:39:37 +0000] "POST /api/v1/wallets/6276c2a630e62ce71f7798fe HTTP/1.1" 401 285 "-" "PostmanRuntime/7.29.0"
::1 - - [08/May/2022:16:39:39 +0000] "POST /api/v1/wallets/6276c2a630e62ce71f7798fe HTTP/1.1" 401 285 "-" "PostmanRuntime/7.29.0"
::1 - - [08/May/2022:16:39:45 +0000] "POST /api/v1/wallets/login HTTP/1.1" 200 583 "-" "PostmanRuntime/7.29.0"
::1 - - [08/May/2022:16:41:21 +0000] "POST /api/v1/wallets HTTP/1.1" 401 285 "-" "PostmanRuntime/7.29.0"
::1 - - [08/May/2022:16:41:25 +0000] "POST /api/v1/wallets HTTP/1.1" 401 285 "-" "PostmanRuntime/7.29.0"
::1 - - [08/May/2022:16:42:18 +0000] "POST /api/v1/wallets HTTP/1.1" 401 285 "-" "PostmanRuntime/7.29.0"
::1 - - [08/May/2022:16:42:19 +0000] "POST /api/v1/wallets HTTP/1.1" 401 285 "-" "PostmanRuntime/7.29.0"
::1 - - [08/May/2022:16:44:26 +0000] "GET /api/v1/wallets HTTP/1.1" 401 285 "-" "PostmanRuntime/7.29.0"
::1 - - [08/May/2022:16:44:31 +0000] "GET /api/v1/wallets HTTP/1.1" 401 285 "-" "PostmanRuntime/7.29.0"
::1 - - [08/May/2022:16:44:45 +0000] "GET /api/v1/wallets HTTP/1.1" 401 285 "-" "PostmanRuntime/7.29.0"
::1 - - [08/May/2022:16:44:47 +0000] "GET /api/v1/wallets HTTP/1.1" 401 285 "-" "PostmanRuntime/7.29.0"
::1 - - [08/May/2022:16:44:48 +0000] "GET /api/v1/wallets HTTP/1.1" 401 285 "-" "PostmanRuntime/7.29.0"
::1 - - [08/May/2022:16:44:58 +0000] "GET /api/v1/wallets HTTP/1.1" 401 285 "-" "PostmanRuntime/7.29.0"
::1 - - [08/May/2022:16:44:58 +0000] "GET /api/v1/wallets HTTP/1.1" 401 285 "-" "PostmanRuntime/7.29.0"
::1 - - [08/May/2022:16:45:00 +0000] "GET /api/v1/wallets HTTP/1.1" 401 285 "-" "PostmanRuntime/7.29.0"
::1 - - [08/May/2022:16:45:18 +0000] "GET /api/v1/wallets/list HTTP/1.1" 500 63 "-" "PostmanRuntime/7.29.0"
::1 - - [08/May/2022:16:45:20 +0000] "GET /api/v1/wallets/list HTTP/1.1" 500 63 "-" "PostmanRuntime/7.29.0"
::1 - - [08/May/2022:16:45:23 +0000] "GET /api/v1/wallets/list HTTP/1.1" 500 63 "-" "PostmanRuntime/7.29.0"
::1 - - [08/May/2022:16:46:18 +0000] "GET /api/v1/wallets/list HTTP/1.1" 500 63 "-" "PostmanRuntime/7.29.0"
::1 - - [08/May/2022:16:46:19 +0000] "GET /api/v1/wallets/list HTTP/1.1" 500 63 "-" "PostmanRuntime/7.29.0"
::1 - - [08/May/2022:16:46:25 +0000] "GET /api/v1/wallets/list HTTP/1.1" 500 63 "-" "PostmanRuntime/7.29.0"
::1 - - [08/May/2022:16:46:26 +0000] "GET /api/v1/wallets/list HTTP/1.1" 500 63 "-" "PostmanRuntime/7.29.0"
::1 - - [08/May/2022:16:48:47 +0000] "GET /api/v1/wallets/list HTTP/1.1" 200 1217 "-" "PostmanRuntime/7.29.0"
::1 - - [08/May/2022:16:48:58 +0000] "GET /api/v1/wallets/list HTTP/1.1" 200 1217 "-" "PostmanRuntime/7.29.0"
::1 - - [08/May/2022:16:49:37 +0000] "GET /api/v1/wallets/list HTTP/1.1" 200 1217 "-" "PostmanRuntime/7.29.0"
